[2025-09-01 00:06:48] [LOGGER_INIT] Logging initialized to: /Users/anthonybecker/Desktop/tmsmsm/autodaw/reaper/reascripts/lib/../../session-results/basic_demo_gen_003_20250901_000648.log
[2025-09-01 00:06:48] [SESSION] SESSION_START:basic_demo_gen_003
[2025-09-01 00:06:48] [INFO] ReaScript Main Started
[2025-09-01 00:06:48] [INFO] Log file: /Users/anthonybecker/Desktop/tmsmsm/autodaw/reaper/reascripts/lib/../../session-results/basic_demo_gen_003_20250901_000648.log
[2025-09-01 00:06:48] [INFO] Loading session: basic_demo_gen_003.json
[2025-09-01 00:06:48] [INFO] === Starting Session: basic_demo_gen_003 ===
[2025-09-01 00:06:48] [INFO] Render configs to execute: 10
[2025-09-01 00:06:48] [INFO] === Executing Render Config: basic_demo_gen_003_individual_000 ===
[2025-09-01 00:06:48] [RENDER] RENDER_START:basic_demo_gen_003_individual_000
[2025-09-01 00:06:48] [INFO] Clearing project...
[2025-09-01 00:06:48] [INFO] Project cleared.
[2025-09-01 00:06:49] [INFO] Applied 2 of 2 parameters
[2025-09-01 00:06:49] [INFO] Starting project render for: basic_demo_gen_003_individual_000
[2025-09-01 00:06:49] [INFO] Executing render command...
[2025-09-01 00:06:49] [INFO] Render completed to: /Users/anthonybecker/Desktop/tmsmsm/autodaw/reaper/reascripts/lib/../../renders/basic_demo_gen_003_basic_demo_gen_003_individual_000_20250901_000649_params
[2025-09-01 00:06:49] [RENDER] RENDER_COMPLETE:basic_demo_gen_003_individual_000:/Users/anthonybecker/Desktop/tmsmsm/autodaw/reaper/reascripts/lib/../../renders/basic_demo_gen_003_basic_demo_gen_003_individual_000_20250901_000649_params
[2025-09-01 00:06:49] [INFO] Render completed: basic_demo_gen_003_individual_000
[2025-09-01 00:06:49] [INFO] === Executing Render Config: basic_demo_gen_003_individual_001 ===
[2025-09-01 00:06:49] [RENDER] RENDER_START:basic_demo_gen_003_individual_001
[2025-09-01 00:06:49] [INFO] Clearing project...
[2025-09-01 00:06:49] [INFO] Project cleared.
[2025-09-01 00:06:50] [INFO] Applied 2 of 2 parameters
[2025-09-01 00:06:50] [INFO] Starting project render for: basic_demo_gen_003_individual_001
[2025-09-01 00:06:50] [INFO] Executing render command...
[2025-09-01 00:06:50] [INFO] Render completed to: /Users/anthonybecker/Desktop/tmsmsm/autodaw/reaper/reascripts/lib/../../renders/basic_demo_gen_003_basic_demo_gen_003_individual_001_20250901_000650_params
[2025-09-01 00:06:50] [RENDER] RENDER_COMPLETE:basic_demo_gen_003_individual_001:/Users/anthonybecker/Desktop/tmsmsm/autodaw/reaper/reascripts/lib/../../renders/basic_demo_gen_003_basic_demo_gen_003_individual_001_20250901_000650_params
[2025-09-01 00:06:50] [INFO] Render completed: basic_demo_gen_003_individual_001
[2025-09-01 00:06:50] [INFO] === Executing Render Config: basic_demo_gen_003_individual_002 ===
[2025-09-01 00:06:50] [RENDER] RENDER_START:basic_demo_gen_003_individual_002
[2025-09-01 00:06:50] [INFO] Clearing project...
[2025-09-01 00:06:50] [INFO] Project cleared.
[2025-09-01 00:06:51] [INFO] Applied 2 of 2 parameters
[2025-09-01 00:06:51] [INFO] Starting project render for: basic_demo_gen_003_individual_002
[2025-09-01 00:06:51] [INFO] Executing render command...
[2025-09-01 00:06:51] [INFO] Render completed to: /Users/anthonybecker/Desktop/tmsmsm/autodaw/reaper/reascripts/lib/../../renders/basic_demo_gen_003_basic_demo_gen_003_individual_002_20250901_000651_params
[2025-09-01 00:06:51] [RENDER] RENDER_COMPLETE:basic_demo_gen_003_individual_002:/Users/anthonybecker/Desktop/tmsmsm/autodaw/reaper/reascripts/lib/../../renders/basic_demo_gen_003_basic_demo_gen_003_individual_002_20250901_000651_params
[2025-09-01 00:06:51] [INFO] Render completed: basic_demo_gen_003_individual_002
[2025-09-01 00:06:51] [INFO] === Executing Render Config: basic_demo_gen_003_individual_003 ===
[2025-09-01 00:06:51] [RENDER] RENDER_START:basic_demo_gen_003_individual_003
[2025-09-01 00:06:51] [INFO] Clearing project...
[2025-09-01 00:06:51] [INFO] Project cleared.
[2025-09-01 00:06:52] [INFO] Applied 2 of 2 parameters
[2025-09-01 00:06:52] [INFO] Starting project render for: basic_demo_gen_003_individual_003
[2025-09-01 00:06:52] [INFO] Executing render command...
[2025-09-01 00:06:52] [INFO] Render completed to: /Users/anthonybecker/Desktop/tmsmsm/autodaw/reaper/reascripts/lib/../../renders/basic_demo_gen_003_basic_demo_gen_003_individual_003_20250901_000652_params
[2025-09-01 00:06:52] [RENDER] RENDER_COMPLETE:basic_demo_gen_003_individual_003:/Users/anthonybecker/Desktop/tmsmsm/autodaw/reaper/reascripts/lib/../../renders/basic_demo_gen_003_basic_demo_gen_003_individual_003_20250901_000652_params
[2025-09-01 00:06:52] [INFO] Render completed: basic_demo_gen_003_individual_003
[2025-09-01 00:06:52] [INFO] === Executing Render Config: basic_demo_gen_003_individual_004 ===
[2025-09-01 00:06:52] [RENDER] RENDER_START:basic_demo_gen_003_individual_004
[2025-09-01 00:06:52] [INFO] Clearing project...
[2025-09-01 00:06:52] [INFO] Project cleared.
[2025-09-01 00:06:53] [INFO] Applied 2 of 2 parameters
[2025-09-01 00:06:53] [INFO] Starting project render for: basic_demo_gen_003_individual_004
[2025-09-01 00:06:53] [INFO] Executing render command...
[2025-09-01 00:06:53] [INFO] Render completed to: /Users/anthonybecker/Desktop/tmsmsm/autodaw/reaper/reascripts/lib/../../renders/basic_demo_gen_003_basic_demo_gen_003_individual_004_20250901_000653_params
[2025-09-01 00:06:53] [RENDER] RENDER_COMPLETE:basic_demo_gen_003_individual_004:/Users/anthonybecker/Desktop/tmsmsm/autodaw/reaper/reascripts/lib/../../renders/basic_demo_gen_003_basic_demo_gen_003_individual_004_20250901_000653_params
[2025-09-01 00:06:53] [INFO] Render completed: basic_demo_gen_003_individual_004
[2025-09-01 00:06:53] [INFO] === Executing Render Config: basic_demo_gen_003_individual_005 ===
[2025-09-01 00:06:53] [RENDER] RENDER_START:basic_demo_gen_003_individual_005
[2025-09-01 00:06:53] [INFO] Clearing project...
[2025-09-01 00:06:53] [INFO] Project cleared.
[2025-09-01 00:06:54] [INFO] Applied 2 of 2 parameters
[2025-09-01 00:06:54] [INFO] Starting project render for: basic_demo_gen_003_individual_005
[2025-09-01 00:06:54] [INFO] Executing render command...
[2025-09-01 00:06:54] [INFO] Render completed to: /Users/anthonybecker/Desktop/tmsmsm/autodaw/reaper/reascripts/lib/../../renders/basic_demo_gen_003_basic_demo_gen_003_individual_005_20250901_000654_params
[2025-09-01 00:06:54] [RENDER] RENDER_COMPLETE:basic_demo_gen_003_individual_005:/Users/anthonybecker/Desktop/tmsmsm/autodaw/reaper/reascripts/lib/../../renders/basic_demo_gen_003_basic_demo_gen_003_individual_005_20250901_000654_params
[2025-09-01 00:06:54] [INFO] Render completed: basic_demo_gen_003_individual_005
[2025-09-01 00:06:54] [INFO] === Executing Render Config: basic_demo_gen_003_individual_006 ===
[2025-09-01 00:06:54] [RENDER] RENDER_START:basic_demo_gen_003_individual_006
[2025-09-01 00:06:54] [INFO] Clearing project...
[2025-09-01 00:06:54] [INFO] Project cleared.
[2025-09-01 00:06:55] [INFO] Applied 2 of 2 parameters
[2025-09-01 00:06:55] [INFO] Starting project render for: basic_demo_gen_003_individual_006
[2025-09-01 00:06:55] [INFO] Executing render command...
[2025-09-01 00:06:55] [INFO] Render completed to: /Users/anthonybecker/Desktop/tmsmsm/autodaw/reaper/reascripts/lib/../../renders/basic_demo_gen_003_basic_demo_gen_003_individual_006_20250901_000655_params
[2025-09-01 00:06:55] [RENDER] RENDER_COMPLETE:basic_demo_gen_003_individual_006:/Users/anthonybecker/Desktop/tmsmsm/autodaw/reaper/reascripts/lib/../../renders/basic_demo_gen_003_basic_demo_gen_003_individual_006_20250901_000655_params
[2025-09-01 00:06:55] [INFO] Render completed: basic_demo_gen_003_individual_006
[2025-09-01 00:06:55] [INFO] === Executing Render Config: basic_demo_gen_003_individual_007 ===
[2025-09-01 00:06:55] [RENDER] RENDER_START:basic_demo_gen_003_individual_007
[2025-09-01 00:06:55] [INFO] Clearing project...
[2025-09-01 00:06:55] [INFO] Project cleared.
[2025-09-01 00:06:56] [INFO] Applied 2 of 2 parameters
[2025-09-01 00:06:56] [INFO] Starting project render for: basic_demo_gen_003_individual_007
[2025-09-01 00:06:56] [INFO] Executing render command...
[2025-09-01 00:06:56] [INFO] Render completed to: /Users/anthonybecker/Desktop/tmsmsm/autodaw/reaper/reascripts/lib/../../renders/basic_demo_gen_003_basic_demo_gen_003_individual_007_20250901_000656_params
[2025-09-01 00:06:56] [RENDER] RENDER_COMPLETE:basic_demo_gen_003_individual_007:/Users/anthonybecker/Desktop/tmsmsm/autodaw/reaper/reascripts/lib/../../renders/basic_demo_gen_003_basic_demo_gen_003_individual_007_20250901_000656_params
[2025-09-01 00:06:56] [INFO] Render completed: basic_demo_gen_003_individual_007
[2025-09-01 00:06:56] [INFO] === Executing Render Config: basic_demo_gen_003_individual_008 ===
[2025-09-01 00:06:56] [RENDER] RENDER_START:basic_demo_gen_003_individual_008
[2025-09-01 00:06:56] [INFO] Clearing project...
[2025-09-01 00:06:56] [INFO] Project cleared.
[2025-09-01 00:06:57] [INFO] Applied 2 of 2 parameters
[2025-09-01 00:06:57] [INFO] Starting project render for: basic_demo_gen_003_individual_008
[2025-09-01 00:06:57] [INFO] Executing render command...
[2025-09-01 00:06:57] [INFO] Render completed to: /Users/anthonybecker/Desktop/tmsmsm/autodaw/reaper/reascripts/lib/../../renders/basic_demo_gen_003_basic_demo_gen_003_individual_008_20250901_000657_params
[2025-09-01 00:06:57] [RENDER] RENDER_COMPLETE:basic_demo_gen_003_individual_008:/Users/anthonybecker/Desktop/tmsmsm/autodaw/reaper/reascripts/lib/../../renders/basic_demo_gen_003_basic_demo_gen_003_individual_008_20250901_000657_params
[2025-09-01 00:06:57] [INFO] Render completed: basic_demo_gen_003_individual_008
[2025-09-01 00:06:57] [INFO] === Executing Render Config: basic_demo_gen_003_individual_009 ===
[2025-09-01 00:06:57] [RENDER] RENDER_START:basic_demo_gen_003_individual_009
[2025-09-01 00:06:57] [INFO] Clearing project...
[2025-09-01 00:06:57] [INFO] Project cleared.
[2025-09-01 00:06:58] [INFO] Applied 2 of 2 parameters
[2025-09-01 00:06:58] [INFO] Starting project render for: basic_demo_gen_003_individual_009
[2025-09-01 00:06:58] [INFO] Executing render command...
[2025-09-01 00:06:58] [INFO] Render completed to: /Users/anthonybecker/Desktop/tmsmsm/autodaw/reaper/reascripts/lib/../../renders/basic_demo_gen_003_basic_demo_gen_003_individual_009_20250901_000658_params
[2025-09-01 00:06:58] [RENDER] RENDER_COMPLETE:basic_demo_gen_003_individual_009:/Users/anthonybecker/Desktop/tmsmsm/autodaw/reaper/reascripts/lib/../../renders/basic_demo_gen_003_basic_demo_gen_003_individual_009_20250901_000658_params
[2025-09-01 00:06:58] [INFO] Render completed: basic_demo_gen_003_individual_009
[2025-09-01 00:06:58] [INFO] === Session Complete: basic_demo_gen_003 ===
[2025-09-01 00:06:58] [INFO] ReaScript Main Ended
[2025-09-01 00:06:58] [SESSION] SESSION_COMPLETE:basic_demo_gen_003
[2025-09-01 00:06:58] [LOGGER] Closing log file
