[2025-08-31 23:53:54] [LOGGER_INIT] Logging initialized to: /Users/anthonybecker/Desktop/tmsmsm/autodaw/reaper/reascripts/lib/../../session-results/basic_demo_gen_003_20250831_235354.log
[2025-08-31 23:53:54] [SESSION] SESSION_START:basic_demo_gen_003
[2025-08-31 23:53:54] [INFO] ReaScript Main Started
[2025-08-31 23:53:54] [INFO] Log file: /Users/anthonybecker/Desktop/tmsmsm/autodaw/reaper/reascripts/lib/../../session-results/basic_demo_gen_003_20250831_235354.log
[2025-08-31 23:53:54] [INFO] Loading session: basic_demo_gen_003.json
[2025-08-31 23:53:54] [INFO] === Starting Session: basic_demo_gen_003 ===
[2025-08-31 23:53:54] [INFO] Render configs to execute: 10
[2025-08-31 23:53:54] [INFO] === Executing Render Config: basic_demo_gen_003_individual_000 ===
[2025-08-31 23:53:54] [RENDER] RENDER_START:basic_demo_gen_003_individual_000
[2025-08-31 23:53:54] [INFO] Clearing project...
[2025-08-31 23:53:54] [INFO] Project cleared.
[2025-08-31 23:53:55] [INFO] Applied 2 of 2 parameters
[2025-08-31 23:53:55] [INFO] Starting project render for: basic_demo_gen_003_individual_000
[2025-08-31 23:53:55] [INFO] Executing render command...
[2025-08-31 23:53:55] [INFO] Render completed to: /Users/anthonybecker/Desktop/tmsmsm/autodaw/reaper/reascripts/lib/../../renders/basic_demo_gen_003_basic_demo_gen_003_individual_000_20250831_235355_params
[2025-08-31 23:53:55] [RENDER] RENDER_COMPLETE:basic_demo_gen_003_individual_000:/Users/anthonybecker/Desktop/tmsmsm/autodaw/reaper/reascripts/lib/../../renders/basic_demo_gen_003_basic_demo_gen_003_individual_000_20250831_235355_params
[2025-08-31 23:53:55] [INFO] Render completed: basic_demo_gen_003_individual_000
[2025-08-31 23:53:55] [INFO] === Executing Render Config: basic_demo_gen_003_individual_001 ===
[2025-08-31 23:53:55] [RENDER] RENDER_START:basic_demo_gen_003_individual_001
[2025-08-31 23:53:55] [INFO] Clearing project...
[2025-08-31 23:53:55] [INFO] Project cleared.
[2025-08-31 23:53:56] [INFO] Applied 2 of 2 parameters
[2025-08-31 23:53:56] [INFO] Starting project render for: basic_demo_gen_003_individual_001
[2025-08-31 23:53:56] [INFO] Executing render command...
[2025-08-31 23:53:56] [INFO] Render completed to: /Users/anthonybecker/Desktop/tmsmsm/autodaw/reaper/reascripts/lib/../../renders/basic_demo_gen_003_basic_demo_gen_003_individual_001_20250831_235356_params
[2025-08-31 23:53:56] [RENDER] RENDER_COMPLETE:basic_demo_gen_003_individual_001:/Users/anthonybecker/Desktop/tmsmsm/autodaw/reaper/reascripts/lib/../../renders/basic_demo_gen_003_basic_demo_gen_003_individual_001_20250831_235356_params
[2025-08-31 23:53:56] [INFO] Render completed: basic_demo_gen_003_individual_001
[2025-08-31 23:53:56] [INFO] === Executing Render Config: basic_demo_gen_003_individual_002 ===
[2025-08-31 23:53:56] [RENDER] RENDER_START:basic_demo_gen_003_individual_002
[2025-08-31 23:53:56] [INFO] Clearing project...
[2025-08-31 23:53:56] [INFO] Project cleared.
[2025-08-31 23:53:57] [INFO] Applied 2 of 2 parameters
[2025-08-31 23:53:57] [INFO] Starting project render for: basic_demo_gen_003_individual_002
[2025-08-31 23:53:57] [INFO] Executing render command...
[2025-08-31 23:53:57] [INFO] Render completed to: /Users/anthonybecker/Desktop/tmsmsm/autodaw/reaper/reascripts/lib/../../renders/basic_demo_gen_003_basic_demo_gen_003_individual_002_20250831_235357_params
[2025-08-31 23:53:57] [RENDER] RENDER_COMPLETE:basic_demo_gen_003_individual_002:/Users/anthonybecker/Desktop/tmsmsm/autodaw/reaper/reascripts/lib/../../renders/basic_demo_gen_003_basic_demo_gen_003_individual_002_20250831_235357_params
[2025-08-31 23:53:57] [INFO] Render completed: basic_demo_gen_003_individual_002
[2025-08-31 23:53:57] [INFO] === Executing Render Config: basic_demo_gen_003_individual_003 ===
[2025-08-31 23:53:57] [RENDER] RENDER_START:basic_demo_gen_003_individual_003
[2025-08-31 23:53:57] [INFO] Clearing project...
[2025-08-31 23:53:57] [INFO] Project cleared.
[2025-08-31 23:53:58] [INFO] Applied 2 of 2 parameters
[2025-08-31 23:53:58] [INFO] Starting project render for: basic_demo_gen_003_individual_003
[2025-08-31 23:53:58] [INFO] Executing render command...
[2025-08-31 23:53:58] [INFO] Render completed to: /Users/anthonybecker/Desktop/tmsmsm/autodaw/reaper/reascripts/lib/../../renders/basic_demo_gen_003_basic_demo_gen_003_individual_003_20250831_235358_params
[2025-08-31 23:53:58] [RENDER] RENDER_COMPLETE:basic_demo_gen_003_individual_003:/Users/anthonybecker/Desktop/tmsmsm/autodaw/reaper/reascripts/lib/../../renders/basic_demo_gen_003_basic_demo_gen_003_individual_003_20250831_235358_params
[2025-08-31 23:53:58] [INFO] Render completed: basic_demo_gen_003_individual_003
[2025-08-31 23:53:58] [INFO] === Executing Render Config: basic_demo_gen_003_individual_004 ===
[2025-08-31 23:53:58] [RENDER] RENDER_START:basic_demo_gen_003_individual_004
[2025-08-31 23:53:58] [INFO] Clearing project...
[2025-08-31 23:53:58] [INFO] Project cleared.
[2025-08-31 23:53:59] [INFO] Applied 2 of 2 parameters
[2025-08-31 23:53:59] [INFO] Starting project render for: basic_demo_gen_003_individual_004
[2025-08-31 23:53:59] [INFO] Executing render command...
[2025-08-31 23:53:59] [INFO] Render completed to: /Users/anthonybecker/Desktop/tmsmsm/autodaw/reaper/reascripts/lib/../../renders/basic_demo_gen_003_basic_demo_gen_003_individual_004_20250831_235359_params
[2025-08-31 23:53:59] [RENDER] RENDER_COMPLETE:basic_demo_gen_003_individual_004:/Users/anthonybecker/Desktop/tmsmsm/autodaw/reaper/reascripts/lib/../../renders/basic_demo_gen_003_basic_demo_gen_003_individual_004_20250831_235359_params
[2025-08-31 23:53:59] [INFO] Render completed: basic_demo_gen_003_individual_004
[2025-08-31 23:53:59] [INFO] === Executing Render Config: basic_demo_gen_003_individual_005 ===
[2025-08-31 23:53:59] [RENDER] RENDER_START:basic_demo_gen_003_individual_005
[2025-08-31 23:53:59] [INFO] Clearing project...
[2025-08-31 23:53:59] [INFO] Project cleared.
[2025-08-31 23:54:00] [INFO] Applied 2 of 2 parameters
[2025-08-31 23:54:00] [INFO] Starting project render for: basic_demo_gen_003_individual_005
[2025-08-31 23:54:00] [INFO] Executing render command...
[2025-08-31 23:54:00] [INFO] Render completed to: /Users/anthonybecker/Desktop/tmsmsm/autodaw/reaper/reascripts/lib/../../renders/basic_demo_gen_003_basic_demo_gen_003_individual_005_20250831_235400_params
[2025-08-31 23:54:00] [RENDER] RENDER_COMPLETE:basic_demo_gen_003_individual_005:/Users/anthonybecker/Desktop/tmsmsm/autodaw/reaper/reascripts/lib/../../renders/basic_demo_gen_003_basic_demo_gen_003_individual_005_20250831_235400_params
[2025-08-31 23:54:00] [INFO] Render completed: basic_demo_gen_003_individual_005
[2025-08-31 23:54:00] [INFO] === Executing Render Config: basic_demo_gen_003_individual_006 ===
[2025-08-31 23:54:00] [RENDER] RENDER_START:basic_demo_gen_003_individual_006
[2025-08-31 23:54:00] [INFO] Clearing project...
[2025-08-31 23:54:00] [INFO] Project cleared.
[2025-08-31 23:54:01] [INFO] Applied 2 of 2 parameters
[2025-08-31 23:54:01] [INFO] Starting project render for: basic_demo_gen_003_individual_006
[2025-08-31 23:54:01] [INFO] Executing render command...
[2025-08-31 23:54:01] [INFO] Render completed to: /Users/anthonybecker/Desktop/tmsmsm/autodaw/reaper/reascripts/lib/../../renders/basic_demo_gen_003_basic_demo_gen_003_individual_006_20250831_235401_params
[2025-08-31 23:54:01] [RENDER] RENDER_COMPLETE:basic_demo_gen_003_individual_006:/Users/anthonybecker/Desktop/tmsmsm/autodaw/reaper/reascripts/lib/../../renders/basic_demo_gen_003_basic_demo_gen_003_individual_006_20250831_235401_params
[2025-08-31 23:54:01] [INFO] Render completed: basic_demo_gen_003_individual_006
[2025-08-31 23:54:01] [INFO] === Executing Render Config: basic_demo_gen_003_individual_007 ===
[2025-08-31 23:54:01] [RENDER] RENDER_START:basic_demo_gen_003_individual_007
[2025-08-31 23:54:01] [INFO] Clearing project...
[2025-08-31 23:54:01] [INFO] Project cleared.
[2025-08-31 23:54:02] [INFO] Applied 2 of 2 parameters
[2025-08-31 23:54:02] [INFO] Starting project render for: basic_demo_gen_003_individual_007
[2025-08-31 23:54:02] [INFO] Executing render command...
[2025-08-31 23:54:02] [INFO] Render completed to: /Users/anthonybecker/Desktop/tmsmsm/autodaw/reaper/reascripts/lib/../../renders/basic_demo_gen_003_basic_demo_gen_003_individual_007_20250831_235402_params
[2025-08-31 23:54:02] [RENDER] RENDER_COMPLETE:basic_demo_gen_003_individual_007:/Users/anthonybecker/Desktop/tmsmsm/autodaw/reaper/reascripts/lib/../../renders/basic_demo_gen_003_basic_demo_gen_003_individual_007_20250831_235402_params
[2025-08-31 23:54:02] [INFO] Render completed: basic_demo_gen_003_individual_007
[2025-08-31 23:54:02] [INFO] === Executing Render Config: basic_demo_gen_003_individual_008 ===
[2025-08-31 23:54:02] [RENDER] RENDER_START:basic_demo_gen_003_individual_008
[2025-08-31 23:54:02] [INFO] Clearing project...
[2025-08-31 23:54:02] [INFO] Project cleared.
[2025-08-31 23:54:03] [INFO] Applied 2 of 2 parameters
[2025-08-31 23:54:03] [INFO] Starting project render for: basic_demo_gen_003_individual_008
[2025-08-31 23:54:03] [INFO] Executing render command...
[2025-08-31 23:54:03] [INFO] Render completed to: /Users/anthonybecker/Desktop/tmsmsm/autodaw/reaper/reascripts/lib/../../renders/basic_demo_gen_003_basic_demo_gen_003_individual_008_20250831_235403_params
[2025-08-31 23:54:03] [RENDER] RENDER_COMPLETE:basic_demo_gen_003_individual_008:/Users/anthonybecker/Desktop/tmsmsm/autodaw/reaper/reascripts/lib/../../renders/basic_demo_gen_003_basic_demo_gen_003_individual_008_20250831_235403_params
[2025-08-31 23:54:03] [INFO] Render completed: basic_demo_gen_003_individual_008
[2025-08-31 23:54:03] [INFO] === Executing Render Config: basic_demo_gen_003_individual_009 ===
[2025-08-31 23:54:03] [RENDER] RENDER_START:basic_demo_gen_003_individual_009
[2025-08-31 23:54:03] [INFO] Clearing project...
[2025-08-31 23:54:03] [INFO] Project cleared.
[2025-08-31 23:54:04] [INFO] Applied 2 of 2 parameters
[2025-08-31 23:54:04] [INFO] Starting project render for: basic_demo_gen_003_individual_009
[2025-08-31 23:54:04] [INFO] Executing render command...
[2025-08-31 23:54:04] [INFO] Render completed to: /Users/anthonybecker/Desktop/tmsmsm/autodaw/reaper/reascripts/lib/../../renders/basic_demo_gen_003_basic_demo_gen_003_individual_009_20250831_235404_params
[2025-08-31 23:54:04] [RENDER] RENDER_COMPLETE:basic_demo_gen_003_individual_009:/Users/anthonybecker/Desktop/tmsmsm/autodaw/reaper/reascripts/lib/../../renders/basic_demo_gen_003_basic_demo_gen_003_individual_009_20250831_235404_params
[2025-08-31 23:54:04] [INFO] Render completed: basic_demo_gen_003_individual_009
[2025-08-31 23:54:04] [INFO] === Session Complete: basic_demo_gen_003 ===
[2025-08-31 23:54:04] [INFO] ReaScript Main Ended
[2025-08-31 23:54:04] [SESSION] SESSION_COMPLETE:basic_demo_gen_003
[2025-08-31 23:54:04] [LOGGER] Closing log file
