[2025-09-01 00:06:37] [LOGGER_INIT] Logging initialized to: /Users/anthonybecker/Desktop/tmsmsm/autodaw/reaper/reascripts/lib/../../session-results/basic_demo_gen_002_20250901_000637.log
[2025-09-01 00:06:37] [SESSION] SESSION_START:basic_demo_gen_002
[2025-09-01 00:06:37] [INFO] ReaScript Main Started
[2025-09-01 00:06:37] [INFO] Log file: /Users/anthonybecker/Desktop/tmsmsm/autodaw/reaper/reascripts/lib/../../session-results/basic_demo_gen_002_20250901_000637.log
[2025-09-01 00:06:37] [INFO] Loading session: basic_demo_gen_002.json
[2025-09-01 00:06:37] [INFO] === Starting Session: basic_demo_gen_002 ===
[2025-09-01 00:06:37] [INFO] Render configs to execute: 10
[2025-09-01 00:06:37] [INFO] === Executing Render Config: basic_demo_gen_002_individual_000 ===
[2025-09-01 00:06:37] [RENDER] RENDER_START:basic_demo_gen_002_individual_000
[2025-09-01 00:06:37] [INFO] Clearing project...
[2025-09-01 00:06:37] [INFO] Project cleared.
[2025-09-01 00:06:38] [INFO] Applied 2 of 2 parameters
[2025-09-01 00:06:38] [INFO] Starting project render for: basic_demo_gen_002_individual_000
[2025-09-01 00:06:38] [INFO] Executing render command...
[2025-09-01 00:06:38] [INFO] Render completed to: /Users/anthonybecker/Desktop/tmsmsm/autodaw/reaper/reascripts/lib/../../renders/basic_demo_gen_002_basic_demo_gen_002_individual_000_20250901_000638_params
[2025-09-01 00:06:38] [RENDER] RENDER_COMPLETE:basic_demo_gen_002_individual_000:/Users/anthonybecker/Desktop/tmsmsm/autodaw/reaper/reascripts/lib/../../renders/basic_demo_gen_002_basic_demo_gen_002_individual_000_20250901_000638_params
[2025-09-01 00:06:38] [INFO] Render completed: basic_demo_gen_002_individual_000
[2025-09-01 00:06:38] [INFO] === Executing Render Config: basic_demo_gen_002_individual_001 ===
[2025-09-01 00:06:38] [RENDER] RENDER_START:basic_demo_gen_002_individual_001
[2025-09-01 00:06:38] [INFO] Clearing project...
[2025-09-01 00:06:38] [INFO] Project cleared.
[2025-09-01 00:06:39] [INFO] Applied 2 of 2 parameters
[2025-09-01 00:06:39] [INFO] Starting project render for: basic_demo_gen_002_individual_001
[2025-09-01 00:06:39] [INFO] Executing render command...
[2025-09-01 00:06:39] [INFO] Render completed to: /Users/anthonybecker/Desktop/tmsmsm/autodaw/reaper/reascripts/lib/../../renders/basic_demo_gen_002_basic_demo_gen_002_individual_001_20250901_000639_params
[2025-09-01 00:06:39] [RENDER] RENDER_COMPLETE:basic_demo_gen_002_individual_001:/Users/anthonybecker/Desktop/tmsmsm/autodaw/reaper/reascripts/lib/../../renders/basic_demo_gen_002_basic_demo_gen_002_individual_001_20250901_000639_params
[2025-09-01 00:06:39] [INFO] Render completed: basic_demo_gen_002_individual_001
[2025-09-01 00:06:39] [INFO] === Executing Render Config: basic_demo_gen_002_individual_002 ===
[2025-09-01 00:06:39] [RENDER] RENDER_START:basic_demo_gen_002_individual_002
[2025-09-01 00:06:39] [INFO] Clearing project...
[2025-09-01 00:06:39] [INFO] Project cleared.
[2025-09-01 00:06:40] [INFO] Applied 2 of 2 parameters
[2025-09-01 00:06:40] [INFO] Starting project render for: basic_demo_gen_002_individual_002
[2025-09-01 00:06:40] [INFO] Executing render command...
[2025-09-01 00:06:40] [INFO] Render completed to: /Users/anthonybecker/Desktop/tmsmsm/autodaw/reaper/reascripts/lib/../../renders/basic_demo_gen_002_basic_demo_gen_002_individual_002_20250901_000640_params
[2025-09-01 00:06:40] [RENDER] RENDER_COMPLETE:basic_demo_gen_002_individual_002:/Users/anthonybecker/Desktop/tmsmsm/autodaw/reaper/reascripts/lib/../../renders/basic_demo_gen_002_basic_demo_gen_002_individual_002_20250901_000640_params
[2025-09-01 00:06:40] [INFO] Render completed: basic_demo_gen_002_individual_002
[2025-09-01 00:06:40] [INFO] === Executing Render Config: basic_demo_gen_002_individual_003 ===
[2025-09-01 00:06:40] [RENDER] RENDER_START:basic_demo_gen_002_individual_003
[2025-09-01 00:06:40] [INFO] Clearing project...
[2025-09-01 00:06:40] [INFO] Project cleared.
[2025-09-01 00:06:41] [INFO] Applied 2 of 2 parameters
[2025-09-01 00:06:41] [INFO] Starting project render for: basic_demo_gen_002_individual_003
[2025-09-01 00:06:41] [INFO] Executing render command...
[2025-09-01 00:06:41] [INFO] Render completed to: /Users/anthonybecker/Desktop/tmsmsm/autodaw/reaper/reascripts/lib/../../renders/basic_demo_gen_002_basic_demo_gen_002_individual_003_20250901_000641_params
[2025-09-01 00:06:41] [RENDER] RENDER_COMPLETE:basic_demo_gen_002_individual_003:/Users/anthonybecker/Desktop/tmsmsm/autodaw/reaper/reascripts/lib/../../renders/basic_demo_gen_002_basic_demo_gen_002_individual_003_20250901_000641_params
[2025-09-01 00:06:41] [INFO] Render completed: basic_demo_gen_002_individual_003
[2025-09-01 00:06:41] [INFO] === Executing Render Config: basic_demo_gen_002_individual_004 ===
[2025-09-01 00:06:41] [RENDER] RENDER_START:basic_demo_gen_002_individual_004
[2025-09-01 00:06:41] [INFO] Clearing project...
[2025-09-01 00:06:41] [INFO] Project cleared.
[2025-09-01 00:06:42] [INFO] Applied 2 of 2 parameters
[2025-09-01 00:06:42] [INFO] Starting project render for: basic_demo_gen_002_individual_004
[2025-09-01 00:06:42] [INFO] Executing render command...
[2025-09-01 00:06:42] [INFO] Render completed to: /Users/anthonybecker/Desktop/tmsmsm/autodaw/reaper/reascripts/lib/../../renders/basic_demo_gen_002_basic_demo_gen_002_individual_004_20250901_000642_params
[2025-09-01 00:06:42] [RENDER] RENDER_COMPLETE:basic_demo_gen_002_individual_004:/Users/anthonybecker/Desktop/tmsmsm/autodaw/reaper/reascripts/lib/../../renders/basic_demo_gen_002_basic_demo_gen_002_individual_004_20250901_000642_params
[2025-09-01 00:06:42] [INFO] Render completed: basic_demo_gen_002_individual_004
[2025-09-01 00:06:42] [INFO] === Executing Render Config: basic_demo_gen_002_individual_005 ===
[2025-09-01 00:06:42] [RENDER] RENDER_START:basic_demo_gen_002_individual_005
[2025-09-01 00:06:42] [INFO] Clearing project...
[2025-09-01 00:06:42] [INFO] Project cleared.
[2025-09-01 00:06:43] [INFO] Applied 2 of 2 parameters
[2025-09-01 00:06:43] [INFO] Starting project render for: basic_demo_gen_002_individual_005
[2025-09-01 00:06:43] [INFO] Executing render command...
[2025-09-01 00:06:43] [INFO] Render completed to: /Users/anthonybecker/Desktop/tmsmsm/autodaw/reaper/reascripts/lib/../../renders/basic_demo_gen_002_basic_demo_gen_002_individual_005_20250901_000643_params
[2025-09-01 00:06:43] [RENDER] RENDER_COMPLETE:basic_demo_gen_002_individual_005:/Users/anthonybecker/Desktop/tmsmsm/autodaw/reaper/reascripts/lib/../../renders/basic_demo_gen_002_basic_demo_gen_002_individual_005_20250901_000643_params
[2025-09-01 00:06:43] [INFO] Render completed: basic_demo_gen_002_individual_005
[2025-09-01 00:06:43] [INFO] === Executing Render Config: basic_demo_gen_002_individual_006 ===
[2025-09-01 00:06:43] [RENDER] RENDER_START:basic_demo_gen_002_individual_006
[2025-09-01 00:06:43] [INFO] Clearing project...
[2025-09-01 00:06:43] [INFO] Project cleared.
[2025-09-01 00:06:44] [INFO] Applied 2 of 2 parameters
[2025-09-01 00:06:44] [INFO] Starting project render for: basic_demo_gen_002_individual_006
[2025-09-01 00:06:44] [INFO] Executing render command...
[2025-09-01 00:06:44] [INFO] Render completed to: /Users/anthonybecker/Desktop/tmsmsm/autodaw/reaper/reascripts/lib/../../renders/basic_demo_gen_002_basic_demo_gen_002_individual_006_20250901_000644_params
[2025-09-01 00:06:44] [RENDER] RENDER_COMPLETE:basic_demo_gen_002_individual_006:/Users/anthonybecker/Desktop/tmsmsm/autodaw/reaper/reascripts/lib/../../renders/basic_demo_gen_002_basic_demo_gen_002_individual_006_20250901_000644_params
[2025-09-01 00:06:44] [INFO] Render completed: basic_demo_gen_002_individual_006
[2025-09-01 00:06:44] [INFO] === Executing Render Config: basic_demo_gen_002_individual_007 ===
[2025-09-01 00:06:44] [RENDER] RENDER_START:basic_demo_gen_002_individual_007
[2025-09-01 00:06:44] [INFO] Clearing project...
[2025-09-01 00:06:44] [INFO] Project cleared.
[2025-09-01 00:06:45] [INFO] Applied 2 of 2 parameters
[2025-09-01 00:06:45] [INFO] Starting project render for: basic_demo_gen_002_individual_007
[2025-09-01 00:06:45] [INFO] Executing render command...
[2025-09-01 00:06:45] [INFO] Render completed to: /Users/anthonybecker/Desktop/tmsmsm/autodaw/reaper/reascripts/lib/../../renders/basic_demo_gen_002_basic_demo_gen_002_individual_007_20250901_000645_params
[2025-09-01 00:06:45] [RENDER] RENDER_COMPLETE:basic_demo_gen_002_individual_007:/Users/anthonybecker/Desktop/tmsmsm/autodaw/reaper/reascripts/lib/../../renders/basic_demo_gen_002_basic_demo_gen_002_individual_007_20250901_000645_params
[2025-09-01 00:06:45] [INFO] Render completed: basic_demo_gen_002_individual_007
[2025-09-01 00:06:45] [INFO] === Executing Render Config: basic_demo_gen_002_individual_008 ===
[2025-09-01 00:06:45] [RENDER] RENDER_START:basic_demo_gen_002_individual_008
[2025-09-01 00:06:45] [INFO] Clearing project...
[2025-09-01 00:06:45] [INFO] Project cleared.
[2025-09-01 00:06:46] [INFO] Applied 2 of 2 parameters
[2025-09-01 00:06:46] [INFO] Starting project render for: basic_demo_gen_002_individual_008
[2025-09-01 00:06:46] [INFO] Executing render command...
[2025-09-01 00:06:46] [INFO] Render completed to: /Users/anthonybecker/Desktop/tmsmsm/autodaw/reaper/reascripts/lib/../../renders/basic_demo_gen_002_basic_demo_gen_002_individual_008_20250901_000646_params
[2025-09-01 00:06:46] [RENDER] RENDER_COMPLETE:basic_demo_gen_002_individual_008:/Users/anthonybecker/Desktop/tmsmsm/autodaw/reaper/reascripts/lib/../../renders/basic_demo_gen_002_basic_demo_gen_002_individual_008_20250901_000646_params
[2025-09-01 00:06:46] [INFO] Render completed: basic_demo_gen_002_individual_008
[2025-09-01 00:06:46] [INFO] === Executing Render Config: basic_demo_gen_002_individual_009 ===
[2025-09-01 00:06:46] [RENDER] RENDER_START:basic_demo_gen_002_individual_009
[2025-09-01 00:06:46] [INFO] Clearing project...
[2025-09-01 00:06:46] [INFO] Project cleared.
[2025-09-01 00:06:46] [INFO] Applied 2 of 2 parameters
[2025-09-01 00:06:47] [INFO] Starting project render for: basic_demo_gen_002_individual_009
[2025-09-01 00:06:47] [INFO] Executing render command...
[2025-09-01 00:06:47] [INFO] Render completed to: /Users/anthonybecker/Desktop/tmsmsm/autodaw/reaper/reascripts/lib/../../renders/basic_demo_gen_002_basic_demo_gen_002_individual_009_20250901_000647_params
[2025-09-01 00:06:47] [RENDER] RENDER_COMPLETE:basic_demo_gen_002_individual_009:/Users/anthonybecker/Desktop/tmsmsm/autodaw/reaper/reascripts/lib/../../renders/basic_demo_gen_002_basic_demo_gen_002_individual_009_20250901_000647_params
[2025-09-01 00:06:47] [INFO] Render completed: basic_demo_gen_002_individual_009
[2025-09-01 00:06:47] [INFO] === Session Complete: basic_demo_gen_002 ===
[2025-09-01 00:06:47] [INFO] ReaScript Main Ended
[2025-09-01 00:06:47] [SESSION] SESSION_COMPLETE:basic_demo_gen_002
[2025-09-01 00:06:47] [LOGGER] Closing log file
