[2025-08-31 23:53:30] [LOGGER_INIT] Logging initialized to: /Users/anthonybecker/Desktop/tmsmsm/autodaw/reaper/reascripts/lib/../../session-results/basic_demo_gen_001_20250831_235330.log
[2025-08-31 23:53:30] [SESSION] SESSION_START:basic_demo_gen_001
[2025-08-31 23:53:30] [INFO] ReaScript Main Started
[2025-08-31 23:53:30] [INFO] Log file: /Users/anthonybecker/Desktop/tmsmsm/autodaw/reaper/reascripts/lib/../../session-results/basic_demo_gen_001_20250831_235330.log
[2025-08-31 23:53:30] [INFO] Loading session: basic_demo_gen_001.json
[2025-08-31 23:53:30] [INFO] === Starting Session: basic_demo_gen_001 ===
[2025-08-31 23:53:30] [INFO] Render configs to execute: 10
[2025-08-31 23:53:30] [INFO] === Executing Render Config: basic_demo_gen_001_individual_000 ===
[2025-08-31 23:53:30] [RENDER] RENDER_START:basic_demo_gen_001_individual_000
[2025-08-31 23:53:30] [INFO] Clearing project...
[2025-08-31 23:53:30] [INFO] Project cleared.
[2025-08-31 23:53:31] [INFO] Applied 2 of 2 parameters
[2025-08-31 23:53:31] [INFO] Starting project render for: basic_demo_gen_001_individual_000
[2025-08-31 23:53:31] [INFO] Executing render command...
[2025-08-31 23:53:31] [INFO] Render completed to: /Users/anthonybecker/Desktop/tmsmsm/autodaw/reaper/reascripts/lib/../../renders/basic_demo_gen_001_basic_demo_gen_001_individual_000_20250831_235331_params
[2025-08-31 23:53:31] [RENDER] RENDER_COMPLETE:basic_demo_gen_001_individual_000:/Users/anthonybecker/Desktop/tmsmsm/autodaw/reaper/reascripts/lib/../../renders/basic_demo_gen_001_basic_demo_gen_001_individual_000_20250831_235331_params
[2025-08-31 23:53:31] [INFO] Render completed: basic_demo_gen_001_individual_000
[2025-08-31 23:53:31] [INFO] === Executing Render Config: basic_demo_gen_001_individual_001 ===
[2025-08-31 23:53:31] [RENDER] RENDER_START:basic_demo_gen_001_individual_001
[2025-08-31 23:53:31] [INFO] Clearing project...
[2025-08-31 23:53:31] [INFO] Project cleared.
[2025-08-31 23:53:32] [INFO] Applied 2 of 2 parameters
[2025-08-31 23:53:32] [INFO] Starting project render for: basic_demo_gen_001_individual_001
[2025-08-31 23:53:32] [INFO] Executing render command...
[2025-08-31 23:53:32] [INFO] Render completed to: /Users/anthonybecker/Desktop/tmsmsm/autodaw/reaper/reascripts/lib/../../renders/basic_demo_gen_001_basic_demo_gen_001_individual_001_20250831_235332_params
[2025-08-31 23:53:32] [RENDER] RENDER_COMPLETE:basic_demo_gen_001_individual_001:/Users/anthonybecker/Desktop/tmsmsm/autodaw/reaper/reascripts/lib/../../renders/basic_demo_gen_001_basic_demo_gen_001_individual_001_20250831_235332_params
[2025-08-31 23:53:32] [INFO] Render completed: basic_demo_gen_001_individual_001
[2025-08-31 23:53:32] [INFO] === Executing Render Config: basic_demo_gen_001_individual_002 ===
[2025-08-31 23:53:32] [RENDER] RENDER_START:basic_demo_gen_001_individual_002
[2025-08-31 23:53:32] [INFO] Clearing project...
[2025-08-31 23:53:32] [INFO] Project cleared.
[2025-08-31 23:53:33] [INFO] Applied 2 of 2 parameters
[2025-08-31 23:53:33] [INFO] Starting project render for: basic_demo_gen_001_individual_002
[2025-08-31 23:53:33] [INFO] Executing render command...
[2025-08-31 23:53:33] [INFO] Render completed to: /Users/anthonybecker/Desktop/tmsmsm/autodaw/reaper/reascripts/lib/../../renders/basic_demo_gen_001_basic_demo_gen_001_individual_002_20250831_235333_params
[2025-08-31 23:53:33] [RENDER] RENDER_COMPLETE:basic_demo_gen_001_individual_002:/Users/anthonybecker/Desktop/tmsmsm/autodaw/reaper/reascripts/lib/../../renders/basic_demo_gen_001_basic_demo_gen_001_individual_002_20250831_235333_params
[2025-08-31 23:53:33] [INFO] Render completed: basic_demo_gen_001_individual_002
[2025-08-31 23:53:33] [INFO] === Executing Render Config: basic_demo_gen_001_individual_003 ===
[2025-08-31 23:53:33] [RENDER] RENDER_START:basic_demo_gen_001_individual_003
[2025-08-31 23:53:33] [INFO] Clearing project...
[2025-08-31 23:53:33] [INFO] Project cleared.
[2025-08-31 23:53:34] [INFO] Applied 2 of 2 parameters
[2025-08-31 23:53:34] [INFO] Starting project render for: basic_demo_gen_001_individual_003
[2025-08-31 23:53:34] [INFO] Executing render command...
[2025-08-31 23:53:34] [INFO] Render completed to: /Users/anthonybecker/Desktop/tmsmsm/autodaw/reaper/reascripts/lib/../../renders/basic_demo_gen_001_basic_demo_gen_001_individual_003_20250831_235334_params
[2025-08-31 23:53:34] [RENDER] RENDER_COMPLETE:basic_demo_gen_001_individual_003:/Users/anthonybecker/Desktop/tmsmsm/autodaw/reaper/reascripts/lib/../../renders/basic_demo_gen_001_basic_demo_gen_001_individual_003_20250831_235334_params
[2025-08-31 23:53:34] [INFO] Render completed: basic_demo_gen_001_individual_003
[2025-08-31 23:53:34] [INFO] === Executing Render Config: basic_demo_gen_001_individual_004 ===
[2025-08-31 23:53:34] [RENDER] RENDER_START:basic_demo_gen_001_individual_004
[2025-08-31 23:53:34] [INFO] Clearing project...
[2025-08-31 23:53:34] [INFO] Project cleared.
[2025-08-31 23:53:35] [INFO] Applied 2 of 2 parameters
[2025-08-31 23:53:35] [INFO] Starting project render for: basic_demo_gen_001_individual_004
[2025-08-31 23:53:35] [INFO] Executing render command...
[2025-08-31 23:53:35] [INFO] Render completed to: /Users/anthonybecker/Desktop/tmsmsm/autodaw/reaper/reascripts/lib/../../renders/basic_demo_gen_001_basic_demo_gen_001_individual_004_20250831_235335_params
[2025-08-31 23:53:35] [RENDER] RENDER_COMPLETE:basic_demo_gen_001_individual_004:/Users/anthonybecker/Desktop/tmsmsm/autodaw/reaper/reascripts/lib/../../renders/basic_demo_gen_001_basic_demo_gen_001_individual_004_20250831_235335_params
[2025-08-31 23:53:35] [INFO] Render completed: basic_demo_gen_001_individual_004
[2025-08-31 23:53:35] [INFO] === Executing Render Config: basic_demo_gen_001_individual_005 ===
[2025-08-31 23:53:35] [RENDER] RENDER_START:basic_demo_gen_001_individual_005
[2025-08-31 23:53:35] [INFO] Clearing project...
[2025-08-31 23:53:36] [INFO] Project cleared.
[2025-08-31 23:53:36] [INFO] Applied 2 of 2 parameters
[2025-08-31 23:53:36] [INFO] Starting project render for: basic_demo_gen_001_individual_005
[2025-08-31 23:53:36] [INFO] Executing render command...
[2025-08-31 23:53:36] [INFO] Render completed to: /Users/anthonybecker/Desktop/tmsmsm/autodaw/reaper/reascripts/lib/../../renders/basic_demo_gen_001_basic_demo_gen_001_individual_005_20250831_235336_params
[2025-08-31 23:53:36] [RENDER] RENDER_COMPLETE:basic_demo_gen_001_individual_005:/Users/anthonybecker/Desktop/tmsmsm/autodaw/reaper/reascripts/lib/../../renders/basic_demo_gen_001_basic_demo_gen_001_individual_005_20250831_235336_params
[2025-08-31 23:53:36] [INFO] Render completed: basic_demo_gen_001_individual_005
[2025-08-31 23:53:36] [INFO] === Executing Render Config: basic_demo_gen_001_individual_006 ===
[2025-08-31 23:53:36] [RENDER] RENDER_START:basic_demo_gen_001_individual_006
[2025-08-31 23:53:36] [INFO] Clearing project...
[2025-08-31 23:53:36] [INFO] Project cleared.
[2025-08-31 23:53:37] [INFO] Applied 2 of 2 parameters
[2025-08-31 23:53:37] [INFO] Starting project render for: basic_demo_gen_001_individual_006
[2025-08-31 23:53:37] [INFO] Executing render command...
[2025-08-31 23:53:37] [INFO] Render completed to: /Users/anthonybecker/Desktop/tmsmsm/autodaw/reaper/reascripts/lib/../../renders/basic_demo_gen_001_basic_demo_gen_001_individual_006_20250831_235337_params
[2025-08-31 23:53:37] [RENDER] RENDER_COMPLETE:basic_demo_gen_001_individual_006:/Users/anthonybecker/Desktop/tmsmsm/autodaw/reaper/reascripts/lib/../../renders/basic_demo_gen_001_basic_demo_gen_001_individual_006_20250831_235337_params
[2025-08-31 23:53:37] [INFO] Render completed: basic_demo_gen_001_individual_006
[2025-08-31 23:53:37] [INFO] === Executing Render Config: basic_demo_gen_001_individual_007 ===
[2025-08-31 23:53:37] [RENDER] RENDER_START:basic_demo_gen_001_individual_007
[2025-08-31 23:53:37] [INFO] Clearing project...
[2025-08-31 23:53:38] [INFO] Project cleared.
[2025-08-31 23:53:38] [INFO] Applied 2 of 2 parameters
[2025-08-31 23:53:38] [INFO] Starting project render for: basic_demo_gen_001_individual_007
[2025-08-31 23:53:38] [INFO] Executing render command...
[2025-08-31 23:53:39] [INFO] Render completed to: /Users/anthonybecker/Desktop/tmsmsm/autodaw/reaper/reascripts/lib/../../renders/basic_demo_gen_001_basic_demo_gen_001_individual_007_20250831_235338_params
[2025-08-31 23:53:39] [RENDER] RENDER_COMPLETE:basic_demo_gen_001_individual_007:/Users/anthonybecker/Desktop/tmsmsm/autodaw/reaper/reascripts/lib/../../renders/basic_demo_gen_001_basic_demo_gen_001_individual_007_20250831_235338_params
[2025-08-31 23:53:39] [INFO] Render completed: basic_demo_gen_001_individual_007
[2025-08-31 23:53:39] [INFO] === Executing Render Config: basic_demo_gen_001_individual_008 ===
[2025-08-31 23:53:39] [RENDER] RENDER_START:basic_demo_gen_001_individual_008
[2025-08-31 23:53:39] [INFO] Clearing project...
[2025-08-31 23:53:39] [INFO] Project cleared.
[2025-08-31 23:53:39] [INFO] Applied 2 of 2 parameters
[2025-08-31 23:53:39] [INFO] Starting project render for: basic_demo_gen_001_individual_008
[2025-08-31 23:53:39] [INFO] Executing render command...
[2025-08-31 23:53:40] [INFO] Render completed to: /Users/anthonybecker/Desktop/tmsmsm/autodaw/reaper/reascripts/lib/../../renders/basic_demo_gen_001_basic_demo_gen_001_individual_008_20250831_235339_params
[2025-08-31 23:53:40] [RENDER] RENDER_COMPLETE:basic_demo_gen_001_individual_008:/Users/anthonybecker/Desktop/tmsmsm/autodaw/reaper/reascripts/lib/../../renders/basic_demo_gen_001_basic_demo_gen_001_individual_008_20250831_235339_params
[2025-08-31 23:53:40] [INFO] Render completed: basic_demo_gen_001_individual_008
[2025-08-31 23:53:40] [INFO] === Executing Render Config: basic_demo_gen_001_individual_009 ===
[2025-08-31 23:53:40] [RENDER] RENDER_START:basic_demo_gen_001_individual_009
[2025-08-31 23:53:40] [INFO] Clearing project...
[2025-08-31 23:53:40] [INFO] Project cleared.
[2025-08-31 23:53:40] [INFO] Applied 2 of 2 parameters
[2025-08-31 23:53:40] [INFO] Starting project render for: basic_demo_gen_001_individual_009
[2025-08-31 23:53:40] [INFO] Executing render command...
[2025-08-31 23:53:41] [INFO] Render completed to: /Users/anthonybecker/Desktop/tmsmsm/autodaw/reaper/reascripts/lib/../../renders/basic_demo_gen_001_basic_demo_gen_001_individual_009_20250831_235340_params
[2025-08-31 23:53:41] [RENDER] RENDER_COMPLETE:basic_demo_gen_001_individual_009:/Users/anthonybecker/Desktop/tmsmsm/autodaw/reaper/reascripts/lib/../../renders/basic_demo_gen_001_basic_demo_gen_001_individual_009_20250831_235340_params
[2025-08-31 23:53:41] [INFO] Render completed: basic_demo_gen_001_individual_009
[2025-08-31 23:53:41] [INFO] === Session Complete: basic_demo_gen_001 ===
[2025-08-31 23:53:41] [INFO] ReaScript Main Ended
[2025-08-31 23:53:41] [SESSION] SESSION_COMPLETE:basic_demo_gen_001
[2025-08-31 23:53:41] [LOGGER] Closing log file
