[2025-08-31 23:53:42] [LOGGER_INIT] Logging initialized to: /Users/anthonybecker/Desktop/tmsmsm/autodaw/reaper/reascripts/lib/../../session-results/basic_demo_gen_002_20250831_235342.log
[2025-08-31 23:53:42] [SESSION] SESSION_START:basic_demo_gen_002
[2025-08-31 23:53:42] [INFO] ReaScript Main Started
[2025-08-31 23:53:42] [INFO] Log file: /Users/anthonybecker/Desktop/tmsmsm/autodaw/reaper/reascripts/lib/../../session-results/basic_demo_gen_002_20250831_235342.log
[2025-08-31 23:53:42] [INFO] Loading session: basic_demo_gen_002.json
[2025-08-31 23:53:42] [INFO] === Starting Session: basic_demo_gen_002 ===
[2025-08-31 23:53:42] [INFO] Render configs to execute: 10
[2025-08-31 23:53:42] [INFO] === Executing Render Config: basic_demo_gen_002_individual_000 ===
[2025-08-31 23:53:42] [RENDER] RENDER_START:basic_demo_gen_002_individual_000
[2025-08-31 23:53:42] [INFO] Clearing project...
[2025-08-31 23:53:42] [INFO] Project cleared.
[2025-08-31 23:53:42] [INFO] Applied 2 of 2 parameters
[2025-08-31 23:53:42] [INFO] Starting project render for: basic_demo_gen_002_individual_000
[2025-08-31 23:53:42] [INFO] Executing render command...
[2025-08-31 23:53:43] [INFO] Render completed to: /Users/anthonybecker/Desktop/tmsmsm/autodaw/reaper/reascripts/lib/../../renders/basic_demo_gen_002_basic_demo_gen_002_individual_000_20250831_235342_params
[2025-08-31 23:53:43] [RENDER] RENDER_COMPLETE:basic_demo_gen_002_individual_000:/Users/anthonybecker/Desktop/tmsmsm/autodaw/reaper/reascripts/lib/../../renders/basic_demo_gen_002_basic_demo_gen_002_individual_000_20250831_235342_params
[2025-08-31 23:53:43] [INFO] Render completed: basic_demo_gen_002_individual_000
[2025-08-31 23:53:43] [INFO] === Executing Render Config: basic_demo_gen_002_individual_001 ===
[2025-08-31 23:53:43] [RENDER] RENDER_START:basic_demo_gen_002_individual_001
[2025-08-31 23:53:43] [INFO] Clearing project...
[2025-08-31 23:53:43] [INFO] Project cleared.
[2025-08-31 23:53:44] [INFO] Applied 2 of 2 parameters
[2025-08-31 23:53:44] [INFO] Starting project render for: basic_demo_gen_002_individual_001
[2025-08-31 23:53:44] [INFO] Executing render command...
[2025-08-31 23:53:44] [INFO] Render completed to: /Users/anthonybecker/Desktop/tmsmsm/autodaw/reaper/reascripts/lib/../../renders/basic_demo_gen_002_basic_demo_gen_002_individual_001_20250831_235344_params
[2025-08-31 23:53:44] [RENDER] RENDER_COMPLETE:basic_demo_gen_002_individual_001:/Users/anthonybecker/Desktop/tmsmsm/autodaw/reaper/reascripts/lib/../../renders/basic_demo_gen_002_basic_demo_gen_002_individual_001_20250831_235344_params
[2025-08-31 23:53:44] [INFO] Render completed: basic_demo_gen_002_individual_001
[2025-08-31 23:53:44] [INFO] === Executing Render Config: basic_demo_gen_002_individual_002 ===
[2025-08-31 23:53:44] [RENDER] RENDER_START:basic_demo_gen_002_individual_002
[2025-08-31 23:53:44] [INFO] Clearing project...
[2025-08-31 23:53:44] [INFO] Project cleared.
[2025-08-31 23:53:45] [INFO] Applied 2 of 2 parameters
[2025-08-31 23:53:45] [INFO] Starting project render for: basic_demo_gen_002_individual_002
[2025-08-31 23:53:45] [INFO] Executing render command...
[2025-08-31 23:53:45] [INFO] Render completed to: /Users/anthonybecker/Desktop/tmsmsm/autodaw/reaper/reascripts/lib/../../renders/basic_demo_gen_002_basic_demo_gen_002_individual_002_20250831_235345_params
[2025-08-31 23:53:45] [RENDER] RENDER_COMPLETE:basic_demo_gen_002_individual_002:/Users/anthonybecker/Desktop/tmsmsm/autodaw/reaper/reascripts/lib/../../renders/basic_demo_gen_002_basic_demo_gen_002_individual_002_20250831_235345_params
[2025-08-31 23:53:45] [INFO] Render completed: basic_demo_gen_002_individual_002
[2025-08-31 23:53:45] [INFO] === Executing Render Config: basic_demo_gen_002_individual_003 ===
[2025-08-31 23:53:45] [RENDER] RENDER_START:basic_demo_gen_002_individual_003
[2025-08-31 23:53:45] [INFO] Clearing project...
[2025-08-31 23:53:45] [INFO] Project cleared.
[2025-08-31 23:53:46] [INFO] Applied 2 of 2 parameters
[2025-08-31 23:53:46] [INFO] Starting project render for: basic_demo_gen_002_individual_003
[2025-08-31 23:53:46] [INFO] Executing render command...
[2025-08-31 23:53:46] [INFO] Render completed to: /Users/anthonybecker/Desktop/tmsmsm/autodaw/reaper/reascripts/lib/../../renders/basic_demo_gen_002_basic_demo_gen_002_individual_003_20250831_235346_params
[2025-08-31 23:53:46] [RENDER] RENDER_COMPLETE:basic_demo_gen_002_individual_003:/Users/anthonybecker/Desktop/tmsmsm/autodaw/reaper/reascripts/lib/../../renders/basic_demo_gen_002_basic_demo_gen_002_individual_003_20250831_235346_params
[2025-08-31 23:53:46] [INFO] Render completed: basic_demo_gen_002_individual_003
[2025-08-31 23:53:46] [INFO] === Executing Render Config: basic_demo_gen_002_individual_004 ===
[2025-08-31 23:53:46] [RENDER] RENDER_START:basic_demo_gen_002_individual_004
[2025-08-31 23:53:46] [INFO] Clearing project...
[2025-08-31 23:53:46] [INFO] Project cleared.
[2025-08-31 23:53:47] [INFO] Applied 2 of 2 parameters
[2025-08-31 23:53:47] [INFO] Starting project render for: basic_demo_gen_002_individual_004
[2025-08-31 23:53:47] [INFO] Executing render command...
[2025-08-31 23:53:47] [INFO] Render completed to: /Users/anthonybecker/Desktop/tmsmsm/autodaw/reaper/reascripts/lib/../../renders/basic_demo_gen_002_basic_demo_gen_002_individual_004_20250831_235347_params
[2025-08-31 23:53:47] [RENDER] RENDER_COMPLETE:basic_demo_gen_002_individual_004:/Users/anthonybecker/Desktop/tmsmsm/autodaw/reaper/reascripts/lib/../../renders/basic_demo_gen_002_basic_demo_gen_002_individual_004_20250831_235347_params
[2025-08-31 23:53:47] [INFO] Render completed: basic_demo_gen_002_individual_004
[2025-08-31 23:53:47] [INFO] === Executing Render Config: basic_demo_gen_002_individual_005 ===
[2025-08-31 23:53:47] [RENDER] RENDER_START:basic_demo_gen_002_individual_005
[2025-08-31 23:53:47] [INFO] Clearing project...
[2025-08-31 23:53:47] [INFO] Project cleared.
[2025-08-31 23:53:48] [INFO] Applied 2 of 2 parameters
[2025-08-31 23:53:48] [INFO] Starting project render for: basic_demo_gen_002_individual_005
[2025-08-31 23:53:48] [INFO] Executing render command...
[2025-08-31 23:53:48] [INFO] Render completed to: /Users/anthonybecker/Desktop/tmsmsm/autodaw/reaper/reascripts/lib/../../renders/basic_demo_gen_002_basic_demo_gen_002_individual_005_20250831_235348_params
[2025-08-31 23:53:48] [RENDER] RENDER_COMPLETE:basic_demo_gen_002_individual_005:/Users/anthonybecker/Desktop/tmsmsm/autodaw/reaper/reascripts/lib/../../renders/basic_demo_gen_002_basic_demo_gen_002_individual_005_20250831_235348_params
[2025-08-31 23:53:48] [INFO] Render completed: basic_demo_gen_002_individual_005
[2025-08-31 23:53:48] [INFO] === Executing Render Config: basic_demo_gen_002_individual_006 ===
[2025-08-31 23:53:48] [RENDER] RENDER_START:basic_demo_gen_002_individual_006
[2025-08-31 23:53:48] [INFO] Clearing project...
[2025-08-31 23:53:48] [INFO] Project cleared.
[2025-08-31 23:53:49] [INFO] Applied 2 of 2 parameters
[2025-08-31 23:53:49] [INFO] Starting project render for: basic_demo_gen_002_individual_006
[2025-08-31 23:53:49] [INFO] Executing render command...
[2025-08-31 23:53:49] [INFO] Render completed to: /Users/anthonybecker/Desktop/tmsmsm/autodaw/reaper/reascripts/lib/../../renders/basic_demo_gen_002_basic_demo_gen_002_individual_006_20250831_235349_params
[2025-08-31 23:53:49] [RENDER] RENDER_COMPLETE:basic_demo_gen_002_individual_006:/Users/anthonybecker/Desktop/tmsmsm/autodaw/reaper/reascripts/lib/../../renders/basic_demo_gen_002_basic_demo_gen_002_individual_006_20250831_235349_params
[2025-08-31 23:53:49] [INFO] Render completed: basic_demo_gen_002_individual_006
[2025-08-31 23:53:49] [INFO] === Executing Render Config: basic_demo_gen_002_individual_007 ===
[2025-08-31 23:53:49] [RENDER] RENDER_START:basic_demo_gen_002_individual_007
[2025-08-31 23:53:49] [INFO] Clearing project...
[2025-08-31 23:53:49] [INFO] Project cleared.
[2025-08-31 23:53:50] [INFO] Applied 2 of 2 parameters
[2025-08-31 23:53:50] [INFO] Starting project render for: basic_demo_gen_002_individual_007
[2025-08-31 23:53:50] [INFO] Executing render command...
[2025-08-31 23:53:50] [INFO] Render completed to: /Users/anthonybecker/Desktop/tmsmsm/autodaw/reaper/reascripts/lib/../../renders/basic_demo_gen_002_basic_demo_gen_002_individual_007_20250831_235350_params
[2025-08-31 23:53:50] [RENDER] RENDER_COMPLETE:basic_demo_gen_002_individual_007:/Users/anthonybecker/Desktop/tmsmsm/autodaw/reaper/reascripts/lib/../../renders/basic_demo_gen_002_basic_demo_gen_002_individual_007_20250831_235350_params
[2025-08-31 23:53:50] [INFO] Render completed: basic_demo_gen_002_individual_007
[2025-08-31 23:53:50] [INFO] === Executing Render Config: basic_demo_gen_002_individual_008 ===
[2025-08-31 23:53:50] [RENDER] RENDER_START:basic_demo_gen_002_individual_008
[2025-08-31 23:53:50] [INFO] Clearing project...
[2025-08-31 23:53:50] [INFO] Project cleared.
[2025-08-31 23:53:51] [INFO] Applied 2 of 2 parameters
[2025-08-31 23:53:51] [INFO] Starting project render for: basic_demo_gen_002_individual_008
[2025-08-31 23:53:51] [INFO] Executing render command...
[2025-08-31 23:53:51] [INFO] Render completed to: /Users/anthonybecker/Desktop/tmsmsm/autodaw/reaper/reascripts/lib/../../renders/basic_demo_gen_002_basic_demo_gen_002_individual_008_20250831_235351_params
[2025-08-31 23:53:51] [RENDER] RENDER_COMPLETE:basic_demo_gen_002_individual_008:/Users/anthonybecker/Desktop/tmsmsm/autodaw/reaper/reascripts/lib/../../renders/basic_demo_gen_002_basic_demo_gen_002_individual_008_20250831_235351_params
[2025-08-31 23:53:51] [INFO] Render completed: basic_demo_gen_002_individual_008
[2025-08-31 23:53:51] [INFO] === Executing Render Config: basic_demo_gen_002_individual_009 ===
[2025-08-31 23:53:51] [RENDER] RENDER_START:basic_demo_gen_002_individual_009
[2025-08-31 23:53:51] [INFO] Clearing project...
[2025-08-31 23:53:51] [INFO] Project cleared.
[2025-08-31 23:53:52] [INFO] Applied 2 of 2 parameters
[2025-08-31 23:53:52] [INFO] Starting project render for: basic_demo_gen_002_individual_009
[2025-08-31 23:53:52] [INFO] Executing render command...
[2025-08-31 23:53:52] [INFO] Render completed to: /Users/anthonybecker/Desktop/tmsmsm/autodaw/reaper/reascripts/lib/../../renders/basic_demo_gen_002_basic_demo_gen_002_individual_009_20250831_235352_params
[2025-08-31 23:53:52] [RENDER] RENDER_COMPLETE:basic_demo_gen_002_individual_009:/Users/anthonybecker/Desktop/tmsmsm/autodaw/reaper/reascripts/lib/../../renders/basic_demo_gen_002_basic_demo_gen_002_individual_009_20250831_235352_params
[2025-08-31 23:53:52] [INFO] Render completed: basic_demo_gen_002_individual_009
[2025-08-31 23:53:52] [INFO] === Session Complete: basic_demo_gen_002 ===
[2025-08-31 23:53:52] [INFO] ReaScript Main Ended
[2025-08-31 23:53:52] [SESSION] SESSION_COMPLETE:basic_demo_gen_002
[2025-08-31 23:53:52] [LOGGER] Closing log file
