[2025-08-31 23:54:06] [LOGGER_INIT] Logging initialized to: /Users/anthonybecker/Desktop/tmsmsm/autodaw/reaper/reascripts/lib/../../session-results/basic_demo_gen_004_20250831_235406.log
[2025-08-31 23:54:06] [SESSION] SESSION_START:basic_demo_gen_004
[2025-08-31 23:54:06] [INFO] ReaScript Main Started
[2025-08-31 23:54:06] [INFO] Log file: /Users/anthonybecker/Desktop/tmsmsm/autodaw/reaper/reascripts/lib/../../session-results/basic_demo_gen_004_20250831_235406.log
[2025-08-31 23:54:06] [INFO] Loading session: basic_demo_gen_004.json
[2025-08-31 23:54:06] [INFO] === Starting Session: basic_demo_gen_004 ===
[2025-08-31 23:54:06] [INFO] Render configs to execute: 10
[2025-08-31 23:54:06] [INFO] === Executing Render Config: basic_demo_gen_004_individual_000 ===
[2025-08-31 23:54:06] [RENDER] RENDER_START:basic_demo_gen_004_individual_000
[2025-08-31 23:54:06] [INFO] Clearing project...
[2025-08-31 23:54:06] [INFO] Project cleared.
[2025-08-31 23:54:07] [INFO] Applied 2 of 2 parameters
[2025-08-31 23:54:07] [INFO] Starting project render for: basic_demo_gen_004_individual_000
[2025-08-31 23:54:07] [INFO] Executing render command...
[2025-08-31 23:54:08] [INFO] Render completed to: /Users/anthonybecker/Desktop/tmsmsm/autodaw/reaper/reascripts/lib/../../renders/basic_demo_gen_004_basic_demo_gen_004_individual_000_20250831_235407_params
[2025-08-31 23:54:08] [RENDER] RENDER_COMPLETE:basic_demo_gen_004_individual_000:/Users/anthonybecker/Desktop/tmsmsm/autodaw/reaper/reascripts/lib/../../renders/basic_demo_gen_004_basic_demo_gen_004_individual_000_20250831_235407_params
[2025-08-31 23:54:08] [INFO] Render completed: basic_demo_gen_004_individual_000
[2025-08-31 23:54:08] [INFO] === Executing Render Config: basic_demo_gen_004_individual_001 ===
[2025-08-31 23:54:08] [RENDER] RENDER_START:basic_demo_gen_004_individual_001
[2025-08-31 23:54:08] [INFO] Clearing project...
[2025-08-31 23:54:08] [INFO] Project cleared.
[2025-08-31 23:54:08] [INFO] Applied 2 of 2 parameters
[2025-08-31 23:54:08] [INFO] Starting project render for: basic_demo_gen_004_individual_001
[2025-08-31 23:54:08] [INFO] Executing render command...
[2025-08-31 23:54:08] [INFO] Render completed to: /Users/anthonybecker/Desktop/tmsmsm/autodaw/reaper/reascripts/lib/../../renders/basic_demo_gen_004_basic_demo_gen_004_individual_001_20250831_235408_params
[2025-08-31 23:54:08] [RENDER] RENDER_COMPLETE:basic_demo_gen_004_individual_001:/Users/anthonybecker/Desktop/tmsmsm/autodaw/reaper/reascripts/lib/../../renders/basic_demo_gen_004_basic_demo_gen_004_individual_001_20250831_235408_params
[2025-08-31 23:54:08] [INFO] Render completed: basic_demo_gen_004_individual_001
[2025-08-31 23:54:08] [INFO] === Executing Render Config: basic_demo_gen_004_individual_002 ===
[2025-08-31 23:54:09] [RENDER] RENDER_START:basic_demo_gen_004_individual_002
[2025-08-31 23:54:09] [INFO] Clearing project...
[2025-08-31 23:54:09] [INFO] Project cleared.
[2025-08-31 23:54:09] [INFO] Applied 2 of 2 parameters
[2025-08-31 23:54:09] [INFO] Starting project render for: basic_demo_gen_004_individual_002
[2025-08-31 23:54:09] [INFO] Executing render command...
[2025-08-31 23:54:09] [INFO] Render completed to: /Users/anthonybecker/Desktop/tmsmsm/autodaw/reaper/reascripts/lib/../../renders/basic_demo_gen_004_basic_demo_gen_004_individual_002_20250831_235409_params
[2025-08-31 23:54:09] [RENDER] RENDER_COMPLETE:basic_demo_gen_004_individual_002:/Users/anthonybecker/Desktop/tmsmsm/autodaw/reaper/reascripts/lib/../../renders/basic_demo_gen_004_basic_demo_gen_004_individual_002_20250831_235409_params
[2025-08-31 23:54:09] [INFO] Render completed: basic_demo_gen_004_individual_002
[2025-08-31 23:54:09] [INFO] === Executing Render Config: basic_demo_gen_004_individual_003 ===
[2025-08-31 23:54:09] [RENDER] RENDER_START:basic_demo_gen_004_individual_003
[2025-08-31 23:54:09] [INFO] Clearing project...
[2025-08-31 23:54:09] [INFO] Project cleared.
[2025-08-31 23:54:10] [INFO] Applied 2 of 2 parameters
[2025-08-31 23:54:10] [INFO] Starting project render for: basic_demo_gen_004_individual_003
[2025-08-31 23:54:10] [INFO] Executing render command...
[2025-08-31 23:54:10] [INFO] Render completed to: /Users/anthonybecker/Desktop/tmsmsm/autodaw/reaper/reascripts/lib/../../renders/basic_demo_gen_004_basic_demo_gen_004_individual_003_20250831_235410_params
[2025-08-31 23:54:10] [RENDER] RENDER_COMPLETE:basic_demo_gen_004_individual_003:/Users/anthonybecker/Desktop/tmsmsm/autodaw/reaper/reascripts/lib/../../renders/basic_demo_gen_004_basic_demo_gen_004_individual_003_20250831_235410_params
[2025-08-31 23:54:10] [INFO] Render completed: basic_demo_gen_004_individual_003
[2025-08-31 23:54:10] [INFO] === Executing Render Config: basic_demo_gen_004_individual_004 ===
[2025-08-31 23:54:10] [RENDER] RENDER_START:basic_demo_gen_004_individual_004
[2025-08-31 23:54:10] [INFO] Clearing project...
[2025-08-31 23:54:10] [INFO] Project cleared.
[2025-08-31 23:54:11] [INFO] Applied 2 of 2 parameters
[2025-08-31 23:54:11] [INFO] Starting project render for: basic_demo_gen_004_individual_004
[2025-08-31 23:54:11] [INFO] Executing render command...
[2025-08-31 23:54:11] [INFO] Render completed to: /Users/anthonybecker/Desktop/tmsmsm/autodaw/reaper/reascripts/lib/../../renders/basic_demo_gen_004_basic_demo_gen_004_individual_004_20250831_235411_params
[2025-08-31 23:54:11] [RENDER] RENDER_COMPLETE:basic_demo_gen_004_individual_004:/Users/anthonybecker/Desktop/tmsmsm/autodaw/reaper/reascripts/lib/../../renders/basic_demo_gen_004_basic_demo_gen_004_individual_004_20250831_235411_params
[2025-08-31 23:54:11] [INFO] Render completed: basic_demo_gen_004_individual_004
[2025-08-31 23:54:11] [INFO] === Executing Render Config: basic_demo_gen_004_individual_005 ===
[2025-08-31 23:54:11] [RENDER] RENDER_START:basic_demo_gen_004_individual_005
[2025-08-31 23:54:11] [INFO] Clearing project...
[2025-08-31 23:54:11] [INFO] Project cleared.
[2025-08-31 23:54:12] [INFO] Applied 2 of 2 parameters
[2025-08-31 23:54:12] [INFO] Starting project render for: basic_demo_gen_004_individual_005
[2025-08-31 23:54:12] [INFO] Executing render command...
[2025-08-31 23:54:12] [INFO] Render completed to: /Users/anthonybecker/Desktop/tmsmsm/autodaw/reaper/reascripts/lib/../../renders/basic_demo_gen_004_basic_demo_gen_004_individual_005_20250831_235412_params
[2025-08-31 23:54:12] [RENDER] RENDER_COMPLETE:basic_demo_gen_004_individual_005:/Users/anthonybecker/Desktop/tmsmsm/autodaw/reaper/reascripts/lib/../../renders/basic_demo_gen_004_basic_demo_gen_004_individual_005_20250831_235412_params
[2025-08-31 23:54:12] [INFO] Render completed: basic_demo_gen_004_individual_005
[2025-08-31 23:54:12] [INFO] === Executing Render Config: basic_demo_gen_004_individual_006 ===
[2025-08-31 23:54:12] [RENDER] RENDER_START:basic_demo_gen_004_individual_006
[2025-08-31 23:54:12] [INFO] Clearing project...
[2025-08-31 23:54:12] [INFO] Project cleared.
[2025-08-31 23:54:13] [INFO] Applied 2 of 2 parameters
[2025-08-31 23:54:13] [INFO] Starting project render for: basic_demo_gen_004_individual_006
[2025-08-31 23:54:13] [INFO] Executing render command...
[2025-08-31 23:54:13] [INFO] Render completed to: /Users/anthonybecker/Desktop/tmsmsm/autodaw/reaper/reascripts/lib/../../renders/basic_demo_gen_004_basic_demo_gen_004_individual_006_20250831_235413_params
[2025-08-31 23:54:13] [RENDER] RENDER_COMPLETE:basic_demo_gen_004_individual_006:/Users/anthonybecker/Desktop/tmsmsm/autodaw/reaper/reascripts/lib/../../renders/basic_demo_gen_004_basic_demo_gen_004_individual_006_20250831_235413_params
[2025-08-31 23:54:13] [INFO] Render completed: basic_demo_gen_004_individual_006
[2025-08-31 23:54:13] [INFO] === Executing Render Config: basic_demo_gen_004_individual_007 ===
[2025-08-31 23:54:13] [RENDER] RENDER_START:basic_demo_gen_004_individual_007
[2025-08-31 23:54:13] [INFO] Clearing project...
[2025-08-31 23:54:13] [INFO] Project cleared.
[2025-08-31 23:54:14] [INFO] Applied 2 of 2 parameters
[2025-08-31 23:54:14] [INFO] Starting project render for: basic_demo_gen_004_individual_007
[2025-08-31 23:54:14] [INFO] Executing render command...
[2025-08-31 23:54:14] [INFO] Render completed to: /Users/anthonybecker/Desktop/tmsmsm/autodaw/reaper/reascripts/lib/../../renders/basic_demo_gen_004_basic_demo_gen_004_individual_007_20250831_235414_params
[2025-08-31 23:54:14] [RENDER] RENDER_COMPLETE:basic_demo_gen_004_individual_007:/Users/anthonybecker/Desktop/tmsmsm/autodaw/reaper/reascripts/lib/../../renders/basic_demo_gen_004_basic_demo_gen_004_individual_007_20250831_235414_params
[2025-08-31 23:54:14] [INFO] Render completed: basic_demo_gen_004_individual_007
[2025-08-31 23:54:14] [INFO] === Executing Render Config: basic_demo_gen_004_individual_008 ===
[2025-08-31 23:54:14] [RENDER] RENDER_START:basic_demo_gen_004_individual_008
[2025-08-31 23:54:14] [INFO] Clearing project...
[2025-08-31 23:54:14] [INFO] Project cleared.
[2025-08-31 23:54:15] [INFO] Applied 2 of 2 parameters
[2025-08-31 23:54:15] [INFO] Starting project render for: basic_demo_gen_004_individual_008
[2025-08-31 23:54:15] [INFO] Executing render command...
[2025-08-31 23:54:15] [INFO] Render completed to: /Users/anthonybecker/Desktop/tmsmsm/autodaw/reaper/reascripts/lib/../../renders/basic_demo_gen_004_basic_demo_gen_004_individual_008_20250831_235415_params
[2025-08-31 23:54:15] [RENDER] RENDER_COMPLETE:basic_demo_gen_004_individual_008:/Users/anthonybecker/Desktop/tmsmsm/autodaw/reaper/reascripts/lib/../../renders/basic_demo_gen_004_basic_demo_gen_004_individual_008_20250831_235415_params
[2025-08-31 23:54:15] [INFO] Render completed: basic_demo_gen_004_individual_008
[2025-08-31 23:54:15] [INFO] === Executing Render Config: basic_demo_gen_004_individual_009 ===
[2025-08-31 23:54:15] [RENDER] RENDER_START:basic_demo_gen_004_individual_009
[2025-08-31 23:54:15] [INFO] Clearing project...
[2025-08-31 23:54:15] [INFO] Project cleared.
[2025-08-31 23:54:16] [INFO] Applied 2 of 2 parameters
[2025-08-31 23:54:16] [INFO] Starting project render for: basic_demo_gen_004_individual_009
[2025-08-31 23:54:16] [INFO] Executing render command...
[2025-08-31 23:54:16] [INFO] Render completed to: /Users/anthonybecker/Desktop/tmsmsm/autodaw/reaper/reascripts/lib/../../renders/basic_demo_gen_004_basic_demo_gen_004_individual_009_20250831_235416_params
[2025-08-31 23:54:16] [RENDER] RENDER_COMPLETE:basic_demo_gen_004_individual_009:/Users/anthonybecker/Desktop/tmsmsm/autodaw/reaper/reascripts/lib/../../renders/basic_demo_gen_004_basic_demo_gen_004_individual_009_20250831_235416_params
[2025-08-31 23:54:16] [INFO] Render completed: basic_demo_gen_004_individual_009
[2025-08-31 23:54:16] [INFO] === Session Complete: basic_demo_gen_004 ===
[2025-08-31 23:54:16] [INFO] ReaScript Main Ended
[2025-08-31 23:54:16] [SESSION] SESSION_COMPLETE:basic_demo_gen_004
[2025-08-31 23:54:16] [LOGGER] Closing log file
