[2025-09-01 00:06:25] [LOGGER_INIT] Logging initialized to: /Users/anthonybecker/Desktop/tmsmsm/autodaw/reaper/reascripts/lib/../../session-results/basic_demo_gen_001_20250901_000625.log
[2025-09-01 00:06:25] [SESSION] SESSION_START:basic_demo_gen_001
[2025-09-01 00:06:25] [INFO] ReaScript Main Started
[2025-09-01 00:06:25] [INFO] Log file: /Users/anthonybecker/Desktop/tmsmsm/autodaw/reaper/reascripts/lib/../../session-results/basic_demo_gen_001_20250901_000625.log
[2025-09-01 00:06:25] [INFO] Loading session: basic_demo_gen_001.json
[2025-09-01 00:06:25] [INFO] === Starting Session: basic_demo_gen_001 ===
[2025-09-01 00:06:25] [INFO] Render configs to execute: 10
[2025-09-01 00:06:25] [INFO] === Executing Render Config: basic_demo_gen_001_individual_000 ===
[2025-09-01 00:06:25] [RENDER] RENDER_START:basic_demo_gen_001_individual_000
[2025-09-01 00:06:25] [INFO] Clearing project...
[2025-09-01 00:06:25] [INFO] Project cleared.
[2025-09-01 00:06:26] [INFO] Applied 2 of 2 parameters
[2025-09-01 00:06:26] [INFO] Starting project render for: basic_demo_gen_001_individual_000
[2025-09-01 00:06:26] [INFO] Executing render command...
[2025-09-01 00:06:27] [INFO] Render completed to: /Users/anthonybecker/Desktop/tmsmsm/autodaw/reaper/reascripts/lib/../../renders/basic_demo_gen_001_basic_demo_gen_001_individual_000_20250901_000626_params
[2025-09-01 00:06:27] [RENDER] RENDER_COMPLETE:basic_demo_gen_001_individual_000:/Users/anthonybecker/Desktop/tmsmsm/autodaw/reaper/reascripts/lib/../../renders/basic_demo_gen_001_basic_demo_gen_001_individual_000_20250901_000626_params
[2025-09-01 00:06:27] [INFO] Render completed: basic_demo_gen_001_individual_000
[2025-09-01 00:06:27] [INFO] === Executing Render Config: basic_demo_gen_001_individual_001 ===
[2025-09-01 00:06:27] [RENDER] RENDER_START:basic_demo_gen_001_individual_001
[2025-09-01 00:06:27] [INFO] Clearing project...
[2025-09-01 00:06:27] [INFO] Project cleared.
[2025-09-01 00:06:27] [INFO] Applied 2 of 2 parameters
[2025-09-01 00:06:27] [INFO] Starting project render for: basic_demo_gen_001_individual_001
[2025-09-01 00:06:27] [INFO] Executing render command...
[2025-09-01 00:06:28] [INFO] Render completed to: /Users/anthonybecker/Desktop/tmsmsm/autodaw/reaper/reascripts/lib/../../renders/basic_demo_gen_001_basic_demo_gen_001_individual_001_20250901_000627_params
[2025-09-01 00:06:28] [RENDER] RENDER_COMPLETE:basic_demo_gen_001_individual_001:/Users/anthonybecker/Desktop/tmsmsm/autodaw/reaper/reascripts/lib/../../renders/basic_demo_gen_001_basic_demo_gen_001_individual_001_20250901_000627_params
[2025-09-01 00:06:28] [INFO] Render completed: basic_demo_gen_001_individual_001
[2025-09-01 00:06:28] [INFO] === Executing Render Config: basic_demo_gen_001_individual_002 ===
[2025-09-01 00:06:28] [RENDER] RENDER_START:basic_demo_gen_001_individual_002
[2025-09-01 00:06:28] [INFO] Clearing project...
[2025-09-01 00:06:28] [INFO] Project cleared.
[2025-09-01 00:06:28] [INFO] Applied 2 of 2 parameters
[2025-09-01 00:06:28] [INFO] Starting project render for: basic_demo_gen_001_individual_002
[2025-09-01 00:06:28] [INFO] Executing render command...
[2025-09-01 00:06:29] [INFO] Render completed to: /Users/anthonybecker/Desktop/tmsmsm/autodaw/reaper/reascripts/lib/../../renders/basic_demo_gen_001_basic_demo_gen_001_individual_002_20250901_000628_params
[2025-09-01 00:06:29] [RENDER] RENDER_COMPLETE:basic_demo_gen_001_individual_002:/Users/anthonybecker/Desktop/tmsmsm/autodaw/reaper/reascripts/lib/../../renders/basic_demo_gen_001_basic_demo_gen_001_individual_002_20250901_000628_params
[2025-09-01 00:06:29] [INFO] Render completed: basic_demo_gen_001_individual_002
[2025-09-01 00:06:29] [INFO] === Executing Render Config: basic_demo_gen_001_individual_003 ===
[2025-09-01 00:06:29] [RENDER] RENDER_START:basic_demo_gen_001_individual_003
[2025-09-01 00:06:29] [INFO] Clearing project...
[2025-09-01 00:06:29] [INFO] Project cleared.
[2025-09-01 00:06:29] [INFO] Applied 2 of 2 parameters
[2025-09-01 00:06:29] [INFO] Starting project render for: basic_demo_gen_001_individual_003
[2025-09-01 00:06:29] [INFO] Executing render command...
[2025-09-01 00:06:29] [INFO] Render completed to: /Users/anthonybecker/Desktop/tmsmsm/autodaw/reaper/reascripts/lib/../../renders/basic_demo_gen_001_basic_demo_gen_001_individual_003_20250901_000629_params
[2025-09-01 00:06:29] [RENDER] RENDER_COMPLETE:basic_demo_gen_001_individual_003:/Users/anthonybecker/Desktop/tmsmsm/autodaw/reaper/reascripts/lib/../../renders/basic_demo_gen_001_basic_demo_gen_001_individual_003_20250901_000629_params
[2025-09-01 00:06:29] [INFO] Render completed: basic_demo_gen_001_individual_003
[2025-09-01 00:06:30] [INFO] === Executing Render Config: basic_demo_gen_001_individual_004 ===
[2025-09-01 00:06:30] [RENDER] RENDER_START:basic_demo_gen_001_individual_004
[2025-09-01 00:06:30] [INFO] Clearing project...
[2025-09-01 00:06:30] [INFO] Project cleared.
[2025-09-01 00:06:30] [INFO] Applied 2 of 2 parameters
[2025-09-01 00:06:30] [INFO] Starting project render for: basic_demo_gen_001_individual_004
[2025-09-01 00:06:30] [INFO] Executing render command...
[2025-09-01 00:06:30] [INFO] Render completed to: /Users/anthonybecker/Desktop/tmsmsm/autodaw/reaper/reascripts/lib/../../renders/basic_demo_gen_001_basic_demo_gen_001_individual_004_20250901_000630_params
[2025-09-01 00:06:30] [RENDER] RENDER_COMPLETE:basic_demo_gen_001_individual_004:/Users/anthonybecker/Desktop/tmsmsm/autodaw/reaper/reascripts/lib/../../renders/basic_demo_gen_001_basic_demo_gen_001_individual_004_20250901_000630_params
[2025-09-01 00:06:30] [INFO] Render completed: basic_demo_gen_001_individual_004
[2025-09-01 00:06:30] [INFO] === Executing Render Config: basic_demo_gen_001_individual_005 ===
[2025-09-01 00:06:30] [RENDER] RENDER_START:basic_demo_gen_001_individual_005
[2025-09-01 00:06:30] [INFO] Clearing project...
[2025-09-01 00:06:30] [INFO] Project cleared.
[2025-09-01 00:06:31] [INFO] Applied 2 of 2 parameters
[2025-09-01 00:06:31] [INFO] Starting project render for: basic_demo_gen_001_individual_005
[2025-09-01 00:06:31] [INFO] Executing render command...
[2025-09-01 00:06:31] [INFO] Render completed to: /Users/anthonybecker/Desktop/tmsmsm/autodaw/reaper/reascripts/lib/../../renders/basic_demo_gen_001_basic_demo_gen_001_individual_005_20250901_000631_params
[2025-09-01 00:06:31] [RENDER] RENDER_COMPLETE:basic_demo_gen_001_individual_005:/Users/anthonybecker/Desktop/tmsmsm/autodaw/reaper/reascripts/lib/../../renders/basic_demo_gen_001_basic_demo_gen_001_individual_005_20250901_000631_params
[2025-09-01 00:06:31] [INFO] Render completed: basic_demo_gen_001_individual_005
[2025-09-01 00:06:31] [INFO] === Executing Render Config: basic_demo_gen_001_individual_006 ===
[2025-09-01 00:06:31] [RENDER] RENDER_START:basic_demo_gen_001_individual_006
[2025-09-01 00:06:31] [INFO] Clearing project...
[2025-09-01 00:06:31] [INFO] Project cleared.
[2025-09-01 00:06:32] [INFO] Applied 2 of 2 parameters
[2025-09-01 00:06:32] [INFO] Starting project render for: basic_demo_gen_001_individual_006
[2025-09-01 00:06:32] [INFO] Executing render command...
[2025-09-01 00:06:32] [INFO] Render completed to: /Users/anthonybecker/Desktop/tmsmsm/autodaw/reaper/reascripts/lib/../../renders/basic_demo_gen_001_basic_demo_gen_001_individual_006_20250901_000632_params
[2025-09-01 00:06:32] [RENDER] RENDER_COMPLETE:basic_demo_gen_001_individual_006:/Users/anthonybecker/Desktop/tmsmsm/autodaw/reaper/reascripts/lib/../../renders/basic_demo_gen_001_basic_demo_gen_001_individual_006_20250901_000632_params
[2025-09-01 00:06:32] [INFO] Render completed: basic_demo_gen_001_individual_006
[2025-09-01 00:06:32] [INFO] === Executing Render Config: basic_demo_gen_001_individual_007 ===
[2025-09-01 00:06:32] [RENDER] RENDER_START:basic_demo_gen_001_individual_007
[2025-09-01 00:06:32] [INFO] Clearing project...
[2025-09-01 00:06:32] [INFO] Project cleared.
[2025-09-01 00:06:33] [INFO] Applied 2 of 2 parameters
[2025-09-01 00:06:33] [INFO] Starting project render for: basic_demo_gen_001_individual_007
[2025-09-01 00:06:33] [INFO] Executing render command...
[2025-09-01 00:06:33] [INFO] Render completed to: /Users/anthonybecker/Desktop/tmsmsm/autodaw/reaper/reascripts/lib/../../renders/basic_demo_gen_001_basic_demo_gen_001_individual_007_20250901_000633_params
[2025-09-01 00:06:33] [RENDER] RENDER_COMPLETE:basic_demo_gen_001_individual_007:/Users/anthonybecker/Desktop/tmsmsm/autodaw/reaper/reascripts/lib/../../renders/basic_demo_gen_001_basic_demo_gen_001_individual_007_20250901_000633_params
[2025-09-01 00:06:33] [INFO] Render completed: basic_demo_gen_001_individual_007
[2025-09-01 00:06:33] [INFO] === Executing Render Config: basic_demo_gen_001_individual_008 ===
[2025-09-01 00:06:33] [RENDER] RENDER_START:basic_demo_gen_001_individual_008
[2025-09-01 00:06:33] [INFO] Clearing project...
[2025-09-01 00:06:33] [INFO] Project cleared.
[2025-09-01 00:06:34] [INFO] Applied 2 of 2 parameters
[2025-09-01 00:06:34] [INFO] Starting project render for: basic_demo_gen_001_individual_008
[2025-09-01 00:06:34] [INFO] Executing render command...
[2025-09-01 00:06:34] [INFO] Render completed to: /Users/anthonybecker/Desktop/tmsmsm/autodaw/reaper/reascripts/lib/../../renders/basic_demo_gen_001_basic_demo_gen_001_individual_008_20250901_000634_params
[2025-09-01 00:06:34] [RENDER] RENDER_COMPLETE:basic_demo_gen_001_individual_008:/Users/anthonybecker/Desktop/tmsmsm/autodaw/reaper/reascripts/lib/../../renders/basic_demo_gen_001_basic_demo_gen_001_individual_008_20250901_000634_params
[2025-09-01 00:06:34] [INFO] Render completed: basic_demo_gen_001_individual_008
[2025-09-01 00:06:34] [INFO] === Executing Render Config: basic_demo_gen_001_individual_009 ===
[2025-09-01 00:06:34] [RENDER] RENDER_START:basic_demo_gen_001_individual_009
[2025-09-01 00:06:34] [INFO] Clearing project...
[2025-09-01 00:06:34] [INFO] Project cleared.
[2025-09-01 00:06:35] [INFO] Applied 2 of 2 parameters
[2025-09-01 00:06:35] [INFO] Starting project render for: basic_demo_gen_001_individual_009
[2025-09-01 00:06:35] [INFO] Executing render command...
[2025-09-01 00:06:35] [INFO] Render completed to: /Users/anthonybecker/Desktop/tmsmsm/autodaw/reaper/reascripts/lib/../../renders/basic_demo_gen_001_basic_demo_gen_001_individual_009_20250901_000635_params
[2025-09-01 00:06:35] [RENDER] RENDER_COMPLETE:basic_demo_gen_001_individual_009:/Users/anthonybecker/Desktop/tmsmsm/autodaw/reaper/reascripts/lib/../../renders/basic_demo_gen_001_basic_demo_gen_001_individual_009_20250901_000635_params
[2025-09-01 00:06:35] [INFO] Render completed: basic_demo_gen_001_individual_009
[2025-09-01 00:06:35] [INFO] === Session Complete: basic_demo_gen_001 ===
[2025-09-01 00:06:35] [INFO] ReaScript Main Ended
[2025-09-01 00:06:35] [SESSION] SESSION_COMPLETE:basic_demo_gen_001
[2025-09-01 00:06:35] [LOGGER] Closing log file
