[2025-08-31 23:54:29] [LOGGER_INIT] Logging initialized to: /Users/anthonybecker/Desktop/tmsmsm/autodaw/reaper/reascripts/lib/../../session-results/target_demo_gen_001_20250831_235429.log
[2025-08-31 23:54:29] [SESSION] SESSION_START:target_demo_gen_001
[2025-08-31 23:54:29] [INFO] ReaScript Main Started
[2025-08-31 23:54:29] [INFO] Log file: /Users/anthonybecker/Desktop/tmsmsm/autodaw/reaper/reascripts/lib/../../session-results/target_demo_gen_001_20250831_235429.log
[2025-08-31 23:54:29] [INFO] Loading session: target_demo_gen_001.json
[2025-08-31 23:54:29] [INFO] === Starting Session: target_demo_gen_001 ===
[2025-08-31 23:54:29] [INFO] Render configs to execute: 10
[2025-08-31 23:54:29] [INFO] === Executing Render Config: target_demo_gen_001_individual_000 ===
[2025-08-31 23:54:29] [RENDER] RENDER_START:target_demo_gen_001_individual_000
[2025-08-31 23:54:29] [INFO] Clearing project...
[2025-08-31 23:54:29] [INFO] Project cleared.
[2025-08-31 23:54:29] [INFO] Applied 2 of 2 parameters
[2025-08-31 23:54:29] [INFO] Starting project render for: target_demo_gen_001_individual_000
[2025-08-31 23:54:29] [INFO] Executing render command...
[2025-08-31 23:54:30] [INFO] Render completed to: /Users/anthonybecker/Desktop/tmsmsm/autodaw/reaper/reascripts/lib/../../renders/target_demo_gen_001_target_demo_gen_001_individual_000_20250831_235429_params
[2025-08-31 23:54:30] [RENDER] RENDER_COMPLETE:target_demo_gen_001_individual_000:/Users/anthonybecker/Desktop/tmsmsm/autodaw/reaper/reascripts/lib/../../renders/target_demo_gen_001_target_demo_gen_001_individual_000_20250831_235429_params
[2025-08-31 23:54:30] [INFO] Render completed: target_demo_gen_001_individual_000
[2025-08-31 23:54:30] [INFO] === Executing Render Config: target_demo_gen_001_individual_001 ===
[2025-08-31 23:54:30] [RENDER] RENDER_START:target_demo_gen_001_individual_001
[2025-08-31 23:54:30] [INFO] Clearing project...
[2025-08-31 23:54:30] [INFO] Project cleared.
[2025-08-31 23:54:31] [INFO] Applied 2 of 2 parameters
[2025-08-31 23:54:31] [INFO] Starting project render for: target_demo_gen_001_individual_001
[2025-08-31 23:54:31] [INFO] Executing render command...
[2025-08-31 23:54:31] [INFO] Render completed to: /Users/anthonybecker/Desktop/tmsmsm/autodaw/reaper/reascripts/lib/../../renders/target_demo_gen_001_target_demo_gen_001_individual_001_20250831_235431_params
[2025-08-31 23:54:31] [RENDER] RENDER_COMPLETE:target_demo_gen_001_individual_001:/Users/anthonybecker/Desktop/tmsmsm/autodaw/reaper/reascripts/lib/../../renders/target_demo_gen_001_target_demo_gen_001_individual_001_20250831_235431_params
[2025-08-31 23:54:31] [INFO] Render completed: target_demo_gen_001_individual_001
[2025-08-31 23:54:31] [INFO] === Executing Render Config: target_demo_gen_001_individual_002 ===
[2025-08-31 23:54:31] [RENDER] RENDER_START:target_demo_gen_001_individual_002
[2025-08-31 23:54:31] [INFO] Clearing project...
[2025-08-31 23:54:31] [INFO] Project cleared.
[2025-08-31 23:54:31] [INFO] Applied 2 of 2 parameters
[2025-08-31 23:54:31] [INFO] Starting project render for: target_demo_gen_001_individual_002
[2025-08-31 23:54:31] [INFO] Executing render command...
[2025-08-31 23:54:32] [INFO] Render completed to: /Users/anthonybecker/Desktop/tmsmsm/autodaw/reaper/reascripts/lib/../../renders/target_demo_gen_001_target_demo_gen_001_individual_002_20250831_235431_params
[2025-08-31 23:54:32] [RENDER] RENDER_COMPLETE:target_demo_gen_001_individual_002:/Users/anthonybecker/Desktop/tmsmsm/autodaw/reaper/reascripts/lib/../../renders/target_demo_gen_001_target_demo_gen_001_individual_002_20250831_235431_params
[2025-08-31 23:54:32] [INFO] Render completed: target_demo_gen_001_individual_002
[2025-08-31 23:54:32] [INFO] === Executing Render Config: target_demo_gen_001_individual_003 ===
[2025-08-31 23:54:32] [RENDER] RENDER_START:target_demo_gen_001_individual_003
[2025-08-31 23:54:32] [INFO] Clearing project...
[2025-08-31 23:54:32] [INFO] Project cleared.
[2025-08-31 23:54:32] [INFO] Applied 2 of 2 parameters
[2025-08-31 23:54:32] [INFO] Starting project render for: target_demo_gen_001_individual_003
[2025-08-31 23:54:32] [INFO] Executing render command...
[2025-08-31 23:54:33] [INFO] Render completed to: /Users/anthonybecker/Desktop/tmsmsm/autodaw/reaper/reascripts/lib/../../renders/target_demo_gen_001_target_demo_gen_001_individual_003_20250831_235432_params
[2025-08-31 23:54:33] [RENDER] RENDER_COMPLETE:target_demo_gen_001_individual_003:/Users/anthonybecker/Desktop/tmsmsm/autodaw/reaper/reascripts/lib/../../renders/target_demo_gen_001_target_demo_gen_001_individual_003_20250831_235432_params
[2025-08-31 23:54:33] [INFO] Render completed: target_demo_gen_001_individual_003
[2025-08-31 23:54:33] [INFO] === Executing Render Config: target_demo_gen_001_individual_004 ===
[2025-08-31 23:54:33] [RENDER] RENDER_START:target_demo_gen_001_individual_004
[2025-08-31 23:54:33] [INFO] Clearing project...
[2025-08-31 23:54:33] [INFO] Project cleared.
[2025-08-31 23:54:33] [INFO] Applied 2 of 2 parameters
[2025-08-31 23:54:33] [INFO] Starting project render for: target_demo_gen_001_individual_004
[2025-08-31 23:54:33] [INFO] Executing render command...
[2025-08-31 23:54:34] [INFO] Render completed to: /Users/anthonybecker/Desktop/tmsmsm/autodaw/reaper/reascripts/lib/../../renders/target_demo_gen_001_target_demo_gen_001_individual_004_20250831_235433_params
[2025-08-31 23:54:34] [RENDER] RENDER_COMPLETE:target_demo_gen_001_individual_004:/Users/anthonybecker/Desktop/tmsmsm/autodaw/reaper/reascripts/lib/../../renders/target_demo_gen_001_target_demo_gen_001_individual_004_20250831_235433_params
[2025-08-31 23:54:34] [INFO] Render completed: target_demo_gen_001_individual_004
[2025-08-31 23:54:34] [INFO] === Executing Render Config: target_demo_gen_001_individual_005 ===
[2025-08-31 23:54:34] [RENDER] RENDER_START:target_demo_gen_001_individual_005
[2025-08-31 23:54:34] [INFO] Clearing project...
[2025-08-31 23:54:34] [INFO] Project cleared.
[2025-08-31 23:54:34] [INFO] Applied 2 of 2 parameters
[2025-08-31 23:54:34] [INFO] Starting project render for: target_demo_gen_001_individual_005
[2025-08-31 23:54:34] [INFO] Executing render command...
[2025-08-31 23:54:35] [INFO] Render completed to: /Users/anthonybecker/Desktop/tmsmsm/autodaw/reaper/reascripts/lib/../../renders/target_demo_gen_001_target_demo_gen_001_individual_005_20250831_235434_params
[2025-08-31 23:54:35] [RENDER] RENDER_COMPLETE:target_demo_gen_001_individual_005:/Users/anthonybecker/Desktop/tmsmsm/autodaw/reaper/reascripts/lib/../../renders/target_demo_gen_001_target_demo_gen_001_individual_005_20250831_235434_params
[2025-08-31 23:54:35] [INFO] Render completed: target_demo_gen_001_individual_005
[2025-08-31 23:54:35] [INFO] === Executing Render Config: target_demo_gen_001_individual_006 ===
[2025-08-31 23:54:35] [RENDER] RENDER_START:target_demo_gen_001_individual_006
[2025-08-31 23:54:35] [INFO] Clearing project...
[2025-08-31 23:54:35] [INFO] Project cleared.
[2025-08-31 23:54:35] [INFO] Applied 2 of 2 parameters
[2025-08-31 23:54:35] [INFO] Starting project render for: target_demo_gen_001_individual_006
[2025-08-31 23:54:35] [INFO] Executing render command...
[2025-08-31 23:54:36] [INFO] Render completed to: /Users/anthonybecker/Desktop/tmsmsm/autodaw/reaper/reascripts/lib/../../renders/target_demo_gen_001_target_demo_gen_001_individual_006_20250831_235435_params
[2025-08-31 23:54:36] [RENDER] RENDER_COMPLETE:target_demo_gen_001_individual_006:/Users/anthonybecker/Desktop/tmsmsm/autodaw/reaper/reascripts/lib/../../renders/target_demo_gen_001_target_demo_gen_001_individual_006_20250831_235435_params
[2025-08-31 23:54:36] [INFO] Render completed: target_demo_gen_001_individual_006
[2025-08-31 23:54:36] [INFO] === Executing Render Config: target_demo_gen_001_individual_007 ===
[2025-08-31 23:54:36] [RENDER] RENDER_START:target_demo_gen_001_individual_007
[2025-08-31 23:54:36] [INFO] Clearing project...
[2025-08-31 23:54:36] [INFO] Project cleared.
[2025-08-31 23:54:36] [INFO] Applied 2 of 2 parameters
[2025-08-31 23:54:36] [INFO] Starting project render for: target_demo_gen_001_individual_007
[2025-08-31 23:54:36] [INFO] Executing render command...
[2025-08-31 23:54:37] [INFO] Render completed to: /Users/anthonybecker/Desktop/tmsmsm/autodaw/reaper/reascripts/lib/../../renders/target_demo_gen_001_target_demo_gen_001_individual_007_20250831_235436_params
[2025-08-31 23:54:37] [RENDER] RENDER_COMPLETE:target_demo_gen_001_individual_007:/Users/anthonybecker/Desktop/tmsmsm/autodaw/reaper/reascripts/lib/../../renders/target_demo_gen_001_target_demo_gen_001_individual_007_20250831_235436_params
[2025-08-31 23:54:37] [INFO] Render completed: target_demo_gen_001_individual_007
[2025-08-31 23:54:37] [INFO] === Executing Render Config: target_demo_gen_001_individual_008 ===
[2025-08-31 23:54:37] [RENDER] RENDER_START:target_demo_gen_001_individual_008
[2025-08-31 23:54:37] [INFO] Clearing project...
[2025-08-31 23:54:37] [INFO] Project cleared.
[2025-08-31 23:54:37] [INFO] Applied 2 of 2 parameters
[2025-08-31 23:54:37] [INFO] Starting project render for: target_demo_gen_001_individual_008
[2025-08-31 23:54:38] [INFO] Executing render command...
[2025-08-31 23:54:38] [INFO] Render completed to: /Users/anthonybecker/Desktop/tmsmsm/autodaw/reaper/reascripts/lib/../../renders/target_demo_gen_001_target_demo_gen_001_individual_008_20250831_235438_params
[2025-08-31 23:54:38] [RENDER] RENDER_COMPLETE:target_demo_gen_001_individual_008:/Users/anthonybecker/Desktop/tmsmsm/autodaw/reaper/reascripts/lib/../../renders/target_demo_gen_001_target_demo_gen_001_individual_008_20250831_235438_params
[2025-08-31 23:54:38] [INFO] Render completed: target_demo_gen_001_individual_008
[2025-08-31 23:54:38] [INFO] === Executing Render Config: target_demo_gen_001_individual_009 ===
[2025-08-31 23:54:38] [RENDER] RENDER_START:target_demo_gen_001_individual_009
[2025-08-31 23:54:38] [INFO] Clearing project...
[2025-08-31 23:54:38] [INFO] Project cleared.
[2025-08-31 23:54:38] [INFO] Applied 2 of 2 parameters
[2025-08-31 23:54:39] [INFO] Starting project render for: target_demo_gen_001_individual_009
[2025-08-31 23:54:39] [INFO] Executing render command...
[2025-08-31 23:54:39] [INFO] Render completed to: /Users/anthonybecker/Desktop/tmsmsm/autodaw/reaper/reascripts/lib/../../renders/target_demo_gen_001_target_demo_gen_001_individual_009_20250831_235439_params
[2025-08-31 23:54:39] [RENDER] RENDER_COMPLETE:target_demo_gen_001_individual_009:/Users/anthonybecker/Desktop/tmsmsm/autodaw/reaper/reascripts/lib/../../renders/target_demo_gen_001_target_demo_gen_001_individual_009_20250831_235439_params
[2025-08-31 23:54:39] [INFO] Render completed: target_demo_gen_001_individual_009
[2025-08-31 23:54:39] [INFO] === Session Complete: target_demo_gen_001 ===
[2025-08-31 23:54:39] [INFO] ReaScript Main Ended
[2025-08-31 23:54:39] [SESSION] SESSION_COMPLETE:target_demo_gen_001
[2025-08-31 23:54:39] [LOGGER] Closing log file
