[2025-09-01 00:08:07] [LOGGER_INIT] Logging initialized to: /Users/anthonybecker/Desktop/tmsmsm/autodaw/reaper/reascripts/lib/../../session-results/target_demo_gen_005_20250901_000807.log
[2025-09-01 00:08:07] [SESSION] SESSION_START:target_demo_gen_005
[2025-09-01 00:08:07] [INFO] ReaScript Main Started
[2025-09-01 00:08:07] [INFO] Log file: /Users/anthonybecker/Desktop/tmsmsm/autodaw/reaper/reascripts/lib/../../session-results/target_demo_gen_005_20250901_000807.log
[2025-09-01 00:08:07] [INFO] Loading session: target_demo_gen_005.json
[2025-09-01 00:08:07] [INFO] === Starting Session: target_demo_gen_005 ===
[2025-09-01 00:08:07] [INFO] Render configs to execute: 10
[2025-09-01 00:08:07] [INFO] === Executing Render Config: target_demo_gen_005_individual_000 ===
[2025-09-01 00:08:07] [RENDER] RENDER_START:target_demo_gen_005_individual_000
[2025-09-01 00:08:07] [INFO] Clearing project...
[2025-09-01 00:08:07] [INFO] Project cleared.
[2025-09-01 00:08:08] [INFO] Applied 2 of 2 parameters
[2025-09-01 00:08:08] [INFO] Starting project render for: target_demo_gen_005_individual_000
[2025-09-01 00:08:08] [INFO] Executing render command...
[2025-09-01 00:08:08] [INFO] Render completed to: /Users/anthonybecker/Desktop/tmsmsm/autodaw/reaper/reascripts/lib/../../renders/target_demo_gen_005_target_demo_gen_005_individual_000_20250901_000808_params
[2025-09-01 00:08:08] [RENDER] RENDER_COMPLETE:target_demo_gen_005_individual_000:/Users/anthonybecker/Desktop/tmsmsm/autodaw/reaper/reascripts/lib/../../renders/target_demo_gen_005_target_demo_gen_005_individual_000_20250901_000808_params
[2025-09-01 00:08:08] [INFO] Render completed: target_demo_gen_005_individual_000
[2025-09-01 00:08:08] [INFO] === Executing Render Config: target_demo_gen_005_individual_001 ===
[2025-09-01 00:08:08] [RENDER] RENDER_START:target_demo_gen_005_individual_001
[2025-09-01 00:08:08] [INFO] Clearing project...
[2025-09-01 00:08:08] [INFO] Project cleared.
[2025-09-01 00:08:09] [INFO] Applied 2 of 2 parameters
[2025-09-01 00:08:09] [INFO] Starting project render for: target_demo_gen_005_individual_001
[2025-09-01 00:08:09] [INFO] Executing render command...
[2025-09-01 00:08:09] [INFO] Render completed to: /Users/anthonybecker/Desktop/tmsmsm/autodaw/reaper/reascripts/lib/../../renders/target_demo_gen_005_target_demo_gen_005_individual_001_20250901_000809_params
[2025-09-01 00:08:09] [RENDER] RENDER_COMPLETE:target_demo_gen_005_individual_001:/Users/anthonybecker/Desktop/tmsmsm/autodaw/reaper/reascripts/lib/../../renders/target_demo_gen_005_target_demo_gen_005_individual_001_20250901_000809_params
[2025-09-01 00:08:09] [INFO] Render completed: target_demo_gen_005_individual_001
[2025-09-01 00:08:09] [INFO] === Executing Render Config: target_demo_gen_005_individual_002 ===
[2025-09-01 00:08:09] [RENDER] RENDER_START:target_demo_gen_005_individual_002
[2025-09-01 00:08:09] [INFO] Clearing project...
[2025-09-01 00:08:09] [INFO] Project cleared.
[2025-09-01 00:08:10] [INFO] Applied 2 of 2 parameters
[2025-09-01 00:08:10] [INFO] Starting project render for: target_demo_gen_005_individual_002
[2025-09-01 00:08:10] [INFO] Executing render command...
[2025-09-01 00:08:10] [INFO] Render completed to: /Users/anthonybecker/Desktop/tmsmsm/autodaw/reaper/reascripts/lib/../../renders/target_demo_gen_005_target_demo_gen_005_individual_002_20250901_000810_params
[2025-09-01 00:08:10] [RENDER] RENDER_COMPLETE:target_demo_gen_005_individual_002:/Users/anthonybecker/Desktop/tmsmsm/autodaw/reaper/reascripts/lib/../../renders/target_demo_gen_005_target_demo_gen_005_individual_002_20250901_000810_params
[2025-09-01 00:08:10] [INFO] Render completed: target_demo_gen_005_individual_002
[2025-09-01 00:08:10] [INFO] === Executing Render Config: target_demo_gen_005_individual_003 ===
[2025-09-01 00:08:10] [RENDER] RENDER_START:target_demo_gen_005_individual_003
[2025-09-01 00:08:10] [INFO] Clearing project...
[2025-09-01 00:08:10] [INFO] Project cleared.
[2025-09-01 00:08:11] [INFO] Applied 2 of 2 parameters
[2025-09-01 00:08:11] [INFO] Starting project render for: target_demo_gen_005_individual_003
[2025-09-01 00:08:11] [INFO] Executing render command...
[2025-09-01 00:08:11] [INFO] Render completed to: /Users/anthonybecker/Desktop/tmsmsm/autodaw/reaper/reascripts/lib/../../renders/target_demo_gen_005_target_demo_gen_005_individual_003_20250901_000811_params
[2025-09-01 00:08:11] [RENDER] RENDER_COMPLETE:target_demo_gen_005_individual_003:/Users/anthonybecker/Desktop/tmsmsm/autodaw/reaper/reascripts/lib/../../renders/target_demo_gen_005_target_demo_gen_005_individual_003_20250901_000811_params
[2025-09-01 00:08:11] [INFO] Render completed: target_demo_gen_005_individual_003
[2025-09-01 00:08:11] [INFO] === Executing Render Config: target_demo_gen_005_individual_004 ===
[2025-09-01 00:08:11] [RENDER] RENDER_START:target_demo_gen_005_individual_004
[2025-09-01 00:08:11] [INFO] Clearing project...
[2025-09-01 00:08:11] [INFO] Project cleared.
[2025-09-01 00:08:12] [INFO] Applied 2 of 2 parameters
[2025-09-01 00:08:12] [INFO] Starting project render for: target_demo_gen_005_individual_004
[2025-09-01 00:08:12] [INFO] Executing render command...
[2025-09-01 00:08:12] [INFO] Render completed to: /Users/anthonybecker/Desktop/tmsmsm/autodaw/reaper/reascripts/lib/../../renders/target_demo_gen_005_target_demo_gen_005_individual_004_20250901_000812_params
[2025-09-01 00:08:12] [RENDER] RENDER_COMPLETE:target_demo_gen_005_individual_004:/Users/anthonybecker/Desktop/tmsmsm/autodaw/reaper/reascripts/lib/../../renders/target_demo_gen_005_target_demo_gen_005_individual_004_20250901_000812_params
[2025-09-01 00:08:12] [INFO] Render completed: target_demo_gen_005_individual_004
[2025-09-01 00:08:12] [INFO] === Executing Render Config: target_demo_gen_005_individual_005 ===
[2025-09-01 00:08:12] [RENDER] RENDER_START:target_demo_gen_005_individual_005
[2025-09-01 00:08:12] [INFO] Clearing project...
[2025-09-01 00:08:12] [INFO] Project cleared.
[2025-09-01 00:08:13] [INFO] Applied 2 of 2 parameters
[2025-09-01 00:08:13] [INFO] Starting project render for: target_demo_gen_005_individual_005
[2025-09-01 00:08:13] [INFO] Executing render command...
[2025-09-01 00:08:13] [INFO] Render completed to: /Users/anthonybecker/Desktop/tmsmsm/autodaw/reaper/reascripts/lib/../../renders/target_demo_gen_005_target_demo_gen_005_individual_005_20250901_000813_params
[2025-09-01 00:08:13] [RENDER] RENDER_COMPLETE:target_demo_gen_005_individual_005:/Users/anthonybecker/Desktop/tmsmsm/autodaw/reaper/reascripts/lib/../../renders/target_demo_gen_005_target_demo_gen_005_individual_005_20250901_000813_params
[2025-09-01 00:08:13] [INFO] Render completed: target_demo_gen_005_individual_005
[2025-09-01 00:08:13] [INFO] === Executing Render Config: target_demo_gen_005_individual_006 ===
[2025-09-01 00:08:13] [RENDER] RENDER_START:target_demo_gen_005_individual_006
[2025-09-01 00:08:13] [INFO] Clearing project...
[2025-09-01 00:08:13] [INFO] Project cleared.
[2025-09-01 00:08:14] [INFO] Applied 2 of 2 parameters
[2025-09-01 00:08:14] [INFO] Starting project render for: target_demo_gen_005_individual_006
[2025-09-01 00:08:14] [INFO] Executing render command...
[2025-09-01 00:08:14] [INFO] Render completed to: /Users/anthonybecker/Desktop/tmsmsm/autodaw/reaper/reascripts/lib/../../renders/target_demo_gen_005_target_demo_gen_005_individual_006_20250901_000814_params
[2025-09-01 00:08:14] [RENDER] RENDER_COMPLETE:target_demo_gen_005_individual_006:/Users/anthonybecker/Desktop/tmsmsm/autodaw/reaper/reascripts/lib/../../renders/target_demo_gen_005_target_demo_gen_005_individual_006_20250901_000814_params
[2025-09-01 00:08:14] [INFO] Render completed: target_demo_gen_005_individual_006
[2025-09-01 00:08:14] [INFO] === Executing Render Config: target_demo_gen_005_individual_007 ===
[2025-09-01 00:08:14] [RENDER] RENDER_START:target_demo_gen_005_individual_007
[2025-09-01 00:08:14] [INFO] Clearing project...
[2025-09-01 00:08:14] [INFO] Project cleared.
[2025-09-01 00:08:15] [INFO] Applied 2 of 2 parameters
[2025-09-01 00:08:15] [INFO] Starting project render for: target_demo_gen_005_individual_007
[2025-09-01 00:08:15] [INFO] Executing render command...
[2025-09-01 00:08:15] [INFO] Render completed to: /Users/anthonybecker/Desktop/tmsmsm/autodaw/reaper/reascripts/lib/../../renders/target_demo_gen_005_target_demo_gen_005_individual_007_20250901_000815_params
[2025-09-01 00:08:15] [RENDER] RENDER_COMPLETE:target_demo_gen_005_individual_007:/Users/anthonybecker/Desktop/tmsmsm/autodaw/reaper/reascripts/lib/../../renders/target_demo_gen_005_target_demo_gen_005_individual_007_20250901_000815_params
[2025-09-01 00:08:15] [INFO] Render completed: target_demo_gen_005_individual_007
[2025-09-01 00:08:15] [INFO] === Executing Render Config: target_demo_gen_005_individual_008 ===
[2025-09-01 00:08:15] [RENDER] RENDER_START:target_demo_gen_005_individual_008
[2025-09-01 00:08:15] [INFO] Clearing project...
[2025-09-01 00:08:15] [INFO] Project cleared.
[2025-09-01 00:08:16] [INFO] Applied 2 of 2 parameters
[2025-09-01 00:08:16] [INFO] Starting project render for: target_demo_gen_005_individual_008
[2025-09-01 00:08:16] [INFO] Executing render command...
[2025-09-01 00:08:16] [INFO] Render completed to: /Users/anthonybecker/Desktop/tmsmsm/autodaw/reaper/reascripts/lib/../../renders/target_demo_gen_005_target_demo_gen_005_individual_008_20250901_000816_params
[2025-09-01 00:08:16] [RENDER] RENDER_COMPLETE:target_demo_gen_005_individual_008:/Users/anthonybecker/Desktop/tmsmsm/autodaw/reaper/reascripts/lib/../../renders/target_demo_gen_005_target_demo_gen_005_individual_008_20250901_000816_params
[2025-09-01 00:08:16] [INFO] Render completed: target_demo_gen_005_individual_008
[2025-09-01 00:08:16] [INFO] === Executing Render Config: target_demo_gen_005_individual_009 ===
[2025-09-01 00:08:16] [RENDER] RENDER_START:target_demo_gen_005_individual_009
[2025-09-01 00:08:16] [INFO] Clearing project...
[2025-09-01 00:08:16] [INFO] Project cleared.
[2025-09-01 00:08:17] [INFO] Applied 2 of 2 parameters
[2025-09-01 00:08:17] [INFO] Starting project render for: target_demo_gen_005_individual_009
[2025-09-01 00:08:17] [INFO] Executing render command...
[2025-09-01 00:08:17] [INFO] Render completed to: /Users/anthonybecker/Desktop/tmsmsm/autodaw/reaper/reascripts/lib/../../renders/target_demo_gen_005_target_demo_gen_005_individual_009_20250901_000817_params
[2025-09-01 00:08:17] [RENDER] RENDER_COMPLETE:target_demo_gen_005_individual_009:/Users/anthonybecker/Desktop/tmsmsm/autodaw/reaper/reascripts/lib/../../renders/target_demo_gen_005_target_demo_gen_005_individual_009_20250901_000817_params
[2025-09-01 00:08:17] [INFO] Render completed: target_demo_gen_005_individual_009
[2025-09-01 00:08:17] [INFO] === Session Complete: target_demo_gen_005 ===
[2025-09-01 00:08:17] [INFO] ReaScript Main Ended
[2025-09-01 00:08:17] [SESSION] SESSION_COMPLETE:target_demo_gen_005
[2025-09-01 00:08:17] [LOGGER] Closing log file
