[2025-08-31 23:55:03] [LOGGER_INIT] Logging initialized to: /Users/anthonybecker/Desktop/tmsmsm/autodaw/reaper/reascripts/lib/../../session-results/target_demo_gen_004_20250831_235503.log
[2025-08-31 23:55:03] [SESSION] SESSION_START:target_demo_gen_004
[2025-08-31 23:55:03] [INFO] ReaScript Main Started
[2025-08-31 23:55:03] [INFO] Log file: /Users/anthonybecker/Desktop/tmsmsm/autodaw/reaper/reascripts/lib/../../session-results/target_demo_gen_004_20250831_235503.log
[2025-08-31 23:55:03] [INFO] Loading session: target_demo_gen_004.json
[2025-08-31 23:55:03] [INFO] === Starting Session: target_demo_gen_004 ===
[2025-08-31 23:55:03] [INFO] Render configs to execute: 10
[2025-08-31 23:55:03] [INFO] === Executing Render Config: target_demo_gen_004_individual_000 ===
[2025-08-31 23:55:03] [RENDER] RENDER_START:target_demo_gen_004_individual_000
[2025-08-31 23:55:03] [INFO] Clearing project...
[2025-08-31 23:55:03] [INFO] Project cleared.
[2025-08-31 23:55:03] [INFO] Applied 2 of 2 parameters
[2025-08-31 23:55:03] [INFO] Starting project render for: target_demo_gen_004_individual_000
[2025-08-31 23:55:03] [INFO] Executing render command...
[2025-08-31 23:55:04] [INFO] Render completed to: /Users/anthonybecker/Desktop/tmsmsm/autodaw/reaper/reascripts/lib/../../renders/target_demo_gen_004_target_demo_gen_004_individual_000_20250831_235503_params
[2025-08-31 23:55:04] [RENDER] RENDER_COMPLETE:target_demo_gen_004_individual_000:/Users/anthonybecker/Desktop/tmsmsm/autodaw/reaper/reascripts/lib/../../renders/target_demo_gen_004_target_demo_gen_004_individual_000_20250831_235503_params
[2025-08-31 23:55:04] [INFO] Render completed: target_demo_gen_004_individual_000
[2025-08-31 23:55:04] [INFO] === Executing Render Config: target_demo_gen_004_individual_001 ===
[2025-08-31 23:55:04] [RENDER] RENDER_START:target_demo_gen_004_individual_001
[2025-08-31 23:55:04] [INFO] Clearing project...
[2025-08-31 23:55:04] [INFO] Project cleared.
[2025-08-31 23:55:04] [INFO] Applied 2 of 2 parameters
[2025-08-31 23:55:04] [INFO] Starting project render for: target_demo_gen_004_individual_001
[2025-08-31 23:55:04] [INFO] Executing render command...
[2025-08-31 23:55:05] [INFO] Render completed to: /Users/anthonybecker/Desktop/tmsmsm/autodaw/reaper/reascripts/lib/../../renders/target_demo_gen_004_target_demo_gen_004_individual_001_20250831_235504_params
[2025-08-31 23:55:05] [RENDER] RENDER_COMPLETE:target_demo_gen_004_individual_001:/Users/anthonybecker/Desktop/tmsmsm/autodaw/reaper/reascripts/lib/../../renders/target_demo_gen_004_target_demo_gen_004_individual_001_20250831_235504_params
[2025-08-31 23:55:05] [INFO] Render completed: target_demo_gen_004_individual_001
[2025-08-31 23:55:05] [INFO] === Executing Render Config: target_demo_gen_004_individual_002 ===
[2025-08-31 23:55:05] [RENDER] RENDER_START:target_demo_gen_004_individual_002
[2025-08-31 23:55:05] [INFO] Clearing project...
[2025-08-31 23:55:05] [INFO] Project cleared.
[2025-08-31 23:55:05] [INFO] Applied 2 of 2 parameters
[2025-08-31 23:55:05] [INFO] Starting project render for: target_demo_gen_004_individual_002
[2025-08-31 23:55:05] [INFO] Executing render command...
[2025-08-31 23:55:06] [INFO] Render completed to: /Users/anthonybecker/Desktop/tmsmsm/autodaw/reaper/reascripts/lib/../../renders/target_demo_gen_004_target_demo_gen_004_individual_002_20250831_235505_params
[2025-08-31 23:55:06] [RENDER] RENDER_COMPLETE:target_demo_gen_004_individual_002:/Users/anthonybecker/Desktop/tmsmsm/autodaw/reaper/reascripts/lib/../../renders/target_demo_gen_004_target_demo_gen_004_individual_002_20250831_235505_params
[2025-08-31 23:55:06] [INFO] Render completed: target_demo_gen_004_individual_002
[2025-08-31 23:55:06] [INFO] === Executing Render Config: target_demo_gen_004_individual_003 ===
[2025-08-31 23:55:06] [RENDER] RENDER_START:target_demo_gen_004_individual_003
[2025-08-31 23:55:06] [INFO] Clearing project...
[2025-08-31 23:55:06] [INFO] Project cleared.
[2025-08-31 23:55:06] [INFO] Applied 2 of 2 parameters
[2025-08-31 23:55:06] [INFO] Starting project render for: target_demo_gen_004_individual_003
[2025-08-31 23:55:06] [INFO] Executing render command...
[2025-08-31 23:55:07] [INFO] Render completed to: /Users/anthonybecker/Desktop/tmsmsm/autodaw/reaper/reascripts/lib/../../renders/target_demo_gen_004_target_demo_gen_004_individual_003_20250831_235506_params
[2025-08-31 23:55:07] [RENDER] RENDER_COMPLETE:target_demo_gen_004_individual_003:/Users/anthonybecker/Desktop/tmsmsm/autodaw/reaper/reascripts/lib/../../renders/target_demo_gen_004_target_demo_gen_004_individual_003_20250831_235506_params
[2025-08-31 23:55:07] [INFO] Render completed: target_demo_gen_004_individual_003
[2025-08-31 23:55:07] [INFO] === Executing Render Config: target_demo_gen_004_individual_004 ===
[2025-08-31 23:55:07] [RENDER] RENDER_START:target_demo_gen_004_individual_004
[2025-08-31 23:55:07] [INFO] Clearing project...
[2025-08-31 23:55:07] [INFO] Project cleared.
[2025-08-31 23:55:07] [INFO] Applied 2 of 2 parameters
[2025-08-31 23:55:07] [INFO] Starting project render for: target_demo_gen_004_individual_004
[2025-08-31 23:55:07] [INFO] Executing render command...
[2025-08-31 23:55:08] [INFO] Render completed to: /Users/anthonybecker/Desktop/tmsmsm/autodaw/reaper/reascripts/lib/../../renders/target_demo_gen_004_target_demo_gen_004_individual_004_20250831_235507_params
[2025-08-31 23:55:08] [RENDER] RENDER_COMPLETE:target_demo_gen_004_individual_004:/Users/anthonybecker/Desktop/tmsmsm/autodaw/reaper/reascripts/lib/../../renders/target_demo_gen_004_target_demo_gen_004_individual_004_20250831_235507_params
[2025-08-31 23:55:08] [INFO] Render completed: target_demo_gen_004_individual_004
[2025-08-31 23:55:08] [INFO] === Executing Render Config: target_demo_gen_004_individual_005 ===
[2025-08-31 23:55:08] [RENDER] RENDER_START:target_demo_gen_004_individual_005
[2025-08-31 23:55:08] [INFO] Clearing project...
[2025-08-31 23:55:08] [INFO] Project cleared.
[2025-08-31 23:55:08] [INFO] Applied 2 of 2 parameters
[2025-08-31 23:55:08] [INFO] Starting project render for: target_demo_gen_004_individual_005
[2025-08-31 23:55:08] [INFO] Executing render command...
[2025-08-31 23:55:09] [INFO] Render completed to: /Users/anthonybecker/Desktop/tmsmsm/autodaw/reaper/reascripts/lib/../../renders/target_demo_gen_004_target_demo_gen_004_individual_005_20250831_235508_params
[2025-08-31 23:55:09] [RENDER] RENDER_COMPLETE:target_demo_gen_004_individual_005:/Users/anthonybecker/Desktop/tmsmsm/autodaw/reaper/reascripts/lib/../../renders/target_demo_gen_004_target_demo_gen_004_individual_005_20250831_235508_params
[2025-08-31 23:55:09] [INFO] Render completed: target_demo_gen_004_individual_005
[2025-08-31 23:55:09] [INFO] === Executing Render Config: target_demo_gen_004_individual_006 ===
[2025-08-31 23:55:09] [RENDER] RENDER_START:target_demo_gen_004_individual_006
[2025-08-31 23:55:09] [INFO] Clearing project...
[2025-08-31 23:55:09] [INFO] Project cleared.
[2025-08-31 23:55:09] [INFO] Applied 2 of 2 parameters
[2025-08-31 23:55:09] [INFO] Starting project render for: target_demo_gen_004_individual_006
[2025-08-31 23:55:09] [INFO] Executing render command...
[2025-08-31 23:55:10] [INFO] Render completed to: /Users/anthonybecker/Desktop/tmsmsm/autodaw/reaper/reascripts/lib/../../renders/target_demo_gen_004_target_demo_gen_004_individual_006_20250831_235509_params
[2025-08-31 23:55:10] [RENDER] RENDER_COMPLETE:target_demo_gen_004_individual_006:/Users/anthonybecker/Desktop/tmsmsm/autodaw/reaper/reascripts/lib/../../renders/target_demo_gen_004_target_demo_gen_004_individual_006_20250831_235509_params
[2025-08-31 23:55:10] [INFO] Render completed: target_demo_gen_004_individual_006
[2025-08-31 23:55:10] [INFO] === Executing Render Config: target_demo_gen_004_individual_007 ===
[2025-08-31 23:55:10] [RENDER] RENDER_START:target_demo_gen_004_individual_007
[2025-08-31 23:55:10] [INFO] Clearing project...
[2025-08-31 23:55:10] [INFO] Project cleared.
[2025-08-31 23:55:10] [INFO] Applied 2 of 2 parameters
[2025-08-31 23:55:10] [INFO] Starting project render for: target_demo_gen_004_individual_007
[2025-08-31 23:55:10] [INFO] Executing render command...
[2025-08-31 23:55:11] [INFO] Render completed to: /Users/anthonybecker/Desktop/tmsmsm/autodaw/reaper/reascripts/lib/../../renders/target_demo_gen_004_target_demo_gen_004_individual_007_20250831_235510_params
[2025-08-31 23:55:11] [RENDER] RENDER_COMPLETE:target_demo_gen_004_individual_007:/Users/anthonybecker/Desktop/tmsmsm/autodaw/reaper/reascripts/lib/../../renders/target_demo_gen_004_target_demo_gen_004_individual_007_20250831_235510_params
[2025-08-31 23:55:11] [INFO] Render completed: target_demo_gen_004_individual_007
[2025-08-31 23:55:11] [INFO] === Executing Render Config: target_demo_gen_004_individual_008 ===
[2025-08-31 23:55:11] [RENDER] RENDER_START:target_demo_gen_004_individual_008
[2025-08-31 23:55:11] [INFO] Clearing project...
[2025-08-31 23:55:11] [INFO] Project cleared.
[2025-08-31 23:55:11] [INFO] Applied 2 of 2 parameters
[2025-08-31 23:55:11] [INFO] Starting project render for: target_demo_gen_004_individual_008
[2025-08-31 23:55:11] [INFO] Executing render command...
[2025-08-31 23:55:12] [INFO] Render completed to: /Users/anthonybecker/Desktop/tmsmsm/autodaw/reaper/reascripts/lib/../../renders/target_demo_gen_004_target_demo_gen_004_individual_008_20250831_235511_params
[2025-08-31 23:55:12] [RENDER] RENDER_COMPLETE:target_demo_gen_004_individual_008:/Users/anthonybecker/Desktop/tmsmsm/autodaw/reaper/reascripts/lib/../../renders/target_demo_gen_004_target_demo_gen_004_individual_008_20250831_235511_params
[2025-08-31 23:55:12] [INFO] Render completed: target_demo_gen_004_individual_008
[2025-08-31 23:55:12] [INFO] === Executing Render Config: target_demo_gen_004_individual_009 ===
[2025-08-31 23:55:12] [RENDER] RENDER_START:target_demo_gen_004_individual_009
[2025-08-31 23:55:12] [INFO] Clearing project...
[2025-08-31 23:55:12] [INFO] Project cleared.
[2025-08-31 23:55:12] [INFO] Applied 2 of 2 parameters
[2025-08-31 23:55:12] [INFO] Starting project render for: target_demo_gen_004_individual_009
[2025-08-31 23:55:12] [INFO] Executing render command...
[2025-08-31 23:55:13] [INFO] Render completed to: /Users/anthonybecker/Desktop/tmsmsm/autodaw/reaper/reascripts/lib/../../renders/target_demo_gen_004_target_demo_gen_004_individual_009_20250831_235512_params
[2025-08-31 23:55:13] [RENDER] RENDER_COMPLETE:target_demo_gen_004_individual_009:/Users/anthonybecker/Desktop/tmsmsm/autodaw/reaper/reascripts/lib/../../renders/target_demo_gen_004_target_demo_gen_004_individual_009_20250831_235512_params
[2025-08-31 23:55:13] [INFO] Render completed: target_demo_gen_004_individual_009
[2025-08-31 23:55:13] [INFO] === Session Complete: target_demo_gen_004 ===
[2025-08-31 23:55:13] [INFO] ReaScript Main Ended
[2025-08-31 23:55:13] [SESSION] SESSION_COMPLETE:target_demo_gen_004
[2025-08-31 23:55:13] [LOGGER] Closing log file
