[2025-08-31 23:55:14] [LOGGER_INIT] Logging initialized to: /Users/anthonybecker/Desktop/tmsmsm/autodaw/reaper/reascripts/lib/../../session-results/target_demo_gen_005_20250831_235514.log
[2025-08-31 23:55:14] [SESSION] SESSION_START:target_demo_gen_005
[2025-08-31 23:55:14] [INFO] ReaScript Main Started
[2025-08-31 23:55:14] [INFO] Log file: /Users/anthonybecker/Desktop/tmsmsm/autodaw/reaper/reascripts/lib/../../session-results/target_demo_gen_005_20250831_235514.log
[2025-08-31 23:55:14] [INFO] Loading session: target_demo_gen_005.json
[2025-08-31 23:55:14] [INFO] === Starting Session: target_demo_gen_005 ===
[2025-08-31 23:55:14] [INFO] Render configs to execute: 10
[2025-08-31 23:55:14] [INFO] === Executing Render Config: target_demo_gen_005_individual_000 ===
[2025-08-31 23:55:14] [RENDER] RENDER_START:target_demo_gen_005_individual_000
[2025-08-31 23:55:14] [INFO] Clearing project...
[2025-08-31 23:55:14] [INFO] Project cleared.
[2025-08-31 23:55:14] [INFO] Applied 2 of 2 parameters
[2025-08-31 23:55:14] [INFO] Starting project render for: target_demo_gen_005_individual_000
[2025-08-31 23:55:14] [INFO] Executing render command...
[2025-08-31 23:55:15] [INFO] Render completed to: /Users/anthonybecker/Desktop/tmsmsm/autodaw/reaper/reascripts/lib/../../renders/target_demo_gen_005_target_demo_gen_005_individual_000_20250831_235514_params
[2025-08-31 23:55:15] [RENDER] RENDER_COMPLETE:target_demo_gen_005_individual_000:/Users/anthonybecker/Desktop/tmsmsm/autodaw/reaper/reascripts/lib/../../renders/target_demo_gen_005_target_demo_gen_005_individual_000_20250831_235514_params
[2025-08-31 23:55:15] [INFO] Render completed: target_demo_gen_005_individual_000
[2025-08-31 23:55:15] [INFO] === Executing Render Config: target_demo_gen_005_individual_001 ===
[2025-08-31 23:55:15] [RENDER] RENDER_START:target_demo_gen_005_individual_001
[2025-08-31 23:55:15] [INFO] Clearing project...
[2025-08-31 23:55:15] [INFO] Project cleared.
[2025-08-31 23:55:16] [INFO] Applied 2 of 2 parameters
[2025-08-31 23:55:16] [INFO] Starting project render for: target_demo_gen_005_individual_001
[2025-08-31 23:55:16] [INFO] Executing render command...
[2025-08-31 23:55:16] [INFO] Render completed to: /Users/anthonybecker/Desktop/tmsmsm/autodaw/reaper/reascripts/lib/../../renders/target_demo_gen_005_target_demo_gen_005_individual_001_20250831_235516_params
[2025-08-31 23:55:16] [RENDER] RENDER_COMPLETE:target_demo_gen_005_individual_001:/Users/anthonybecker/Desktop/tmsmsm/autodaw/reaper/reascripts/lib/../../renders/target_demo_gen_005_target_demo_gen_005_individual_001_20250831_235516_params
[2025-08-31 23:55:16] [INFO] Render completed: target_demo_gen_005_individual_001
[2025-08-31 23:55:16] [INFO] === Executing Render Config: target_demo_gen_005_individual_002 ===
[2025-08-31 23:55:16] [RENDER] RENDER_START:target_demo_gen_005_individual_002
[2025-08-31 23:55:16] [INFO] Clearing project...
[2025-08-31 23:55:16] [INFO] Project cleared.
[2025-08-31 23:55:17] [INFO] Applied 2 of 2 parameters
[2025-08-31 23:55:17] [INFO] Starting project render for: target_demo_gen_005_individual_002
[2025-08-31 23:55:17] [INFO] Executing render command...
[2025-08-31 23:55:17] [INFO] Render completed to: /Users/anthonybecker/Desktop/tmsmsm/autodaw/reaper/reascripts/lib/../../renders/target_demo_gen_005_target_demo_gen_005_individual_002_20250831_235517_params
[2025-08-31 23:55:17] [RENDER] RENDER_COMPLETE:target_demo_gen_005_individual_002:/Users/anthonybecker/Desktop/tmsmsm/autodaw/reaper/reascripts/lib/../../renders/target_demo_gen_005_target_demo_gen_005_individual_002_20250831_235517_params
[2025-08-31 23:55:17] [INFO] Render completed: target_demo_gen_005_individual_002
[2025-08-31 23:55:17] [INFO] === Executing Render Config: target_demo_gen_005_individual_003 ===
[2025-08-31 23:55:17] [RENDER] RENDER_START:target_demo_gen_005_individual_003
[2025-08-31 23:55:17] [INFO] Clearing project...
[2025-08-31 23:55:17] [INFO] Project cleared.
[2025-08-31 23:55:18] [INFO] Applied 2 of 2 parameters
[2025-08-31 23:55:18] [INFO] Starting project render for: target_demo_gen_005_individual_003
[2025-08-31 23:55:18] [INFO] Executing render command...
[2025-08-31 23:55:18] [INFO] Render completed to: /Users/anthonybecker/Desktop/tmsmsm/autodaw/reaper/reascripts/lib/../../renders/target_demo_gen_005_target_demo_gen_005_individual_003_20250831_235518_params
[2025-08-31 23:55:18] [RENDER] RENDER_COMPLETE:target_demo_gen_005_individual_003:/Users/anthonybecker/Desktop/tmsmsm/autodaw/reaper/reascripts/lib/../../renders/target_demo_gen_005_target_demo_gen_005_individual_003_20250831_235518_params
[2025-08-31 23:55:18] [INFO] Render completed: target_demo_gen_005_individual_003
[2025-08-31 23:55:18] [INFO] === Executing Render Config: target_demo_gen_005_individual_004 ===
[2025-08-31 23:55:18] [RENDER] RENDER_START:target_demo_gen_005_individual_004
[2025-08-31 23:55:18] [INFO] Clearing project...
[2025-08-31 23:55:18] [INFO] Project cleared.
[2025-08-31 23:55:19] [INFO] Applied 2 of 2 parameters
[2025-08-31 23:55:19] [INFO] Starting project render for: target_demo_gen_005_individual_004
[2025-08-31 23:55:19] [INFO] Executing render command...
[2025-08-31 23:55:19] [INFO] Render completed to: /Users/anthonybecker/Desktop/tmsmsm/autodaw/reaper/reascripts/lib/../../renders/target_demo_gen_005_target_demo_gen_005_individual_004_20250831_235519_params
[2025-08-31 23:55:19] [RENDER] RENDER_COMPLETE:target_demo_gen_005_individual_004:/Users/anthonybecker/Desktop/tmsmsm/autodaw/reaper/reascripts/lib/../../renders/target_demo_gen_005_target_demo_gen_005_individual_004_20250831_235519_params
[2025-08-31 23:55:19] [INFO] Render completed: target_demo_gen_005_individual_004
[2025-08-31 23:55:19] [INFO] === Executing Render Config: target_demo_gen_005_individual_005 ===
[2025-08-31 23:55:19] [RENDER] RENDER_START:target_demo_gen_005_individual_005
[2025-08-31 23:55:19] [INFO] Clearing project...
[2025-08-31 23:55:19] [INFO] Project cleared.
[2025-08-31 23:55:20] [INFO] Applied 2 of 2 parameters
[2025-08-31 23:55:20] [INFO] Starting project render for: target_demo_gen_005_individual_005
[2025-08-31 23:55:20] [INFO] Executing render command...
[2025-08-31 23:55:20] [INFO] Render completed to: /Users/anthonybecker/Desktop/tmsmsm/autodaw/reaper/reascripts/lib/../../renders/target_demo_gen_005_target_demo_gen_005_individual_005_20250831_235520_params
[2025-08-31 23:55:20] [RENDER] RENDER_COMPLETE:target_demo_gen_005_individual_005:/Users/anthonybecker/Desktop/tmsmsm/autodaw/reaper/reascripts/lib/../../renders/target_demo_gen_005_target_demo_gen_005_individual_005_20250831_235520_params
[2025-08-31 23:55:20] [INFO] Render completed: target_demo_gen_005_individual_005
[2025-08-31 23:55:20] [INFO] === Executing Render Config: target_demo_gen_005_individual_006 ===
[2025-08-31 23:55:20] [RENDER] RENDER_START:target_demo_gen_005_individual_006
[2025-08-31 23:55:20] [INFO] Clearing project...
[2025-08-31 23:55:20] [INFO] Project cleared.
[2025-08-31 23:55:21] [INFO] Applied 2 of 2 parameters
[2025-08-31 23:55:21] [INFO] Starting project render for: target_demo_gen_005_individual_006
[2025-08-31 23:55:21] [INFO] Executing render command...
[2025-08-31 23:55:21] [INFO] Render completed to: /Users/anthonybecker/Desktop/tmsmsm/autodaw/reaper/reascripts/lib/../../renders/target_demo_gen_005_target_demo_gen_005_individual_006_20250831_235521_params
[2025-08-31 23:55:21] [RENDER] RENDER_COMPLETE:target_demo_gen_005_individual_006:/Users/anthonybecker/Desktop/tmsmsm/autodaw/reaper/reascripts/lib/../../renders/target_demo_gen_005_target_demo_gen_005_individual_006_20250831_235521_params
[2025-08-31 23:55:21] [INFO] Render completed: target_demo_gen_005_individual_006
[2025-08-31 23:55:21] [INFO] === Executing Render Config: target_demo_gen_005_individual_007 ===
[2025-08-31 23:55:21] [RENDER] RENDER_START:target_demo_gen_005_individual_007
[2025-08-31 23:55:21] [INFO] Clearing project...
[2025-08-31 23:55:21] [INFO] Project cleared.
[2025-08-31 23:55:22] [INFO] Applied 2 of 2 parameters
[2025-08-31 23:55:22] [INFO] Starting project render for: target_demo_gen_005_individual_007
[2025-08-31 23:55:22] [INFO] Executing render command...
[2025-08-31 23:55:22] [INFO] Render completed to: /Users/anthonybecker/Desktop/tmsmsm/autodaw/reaper/reascripts/lib/../../renders/target_demo_gen_005_target_demo_gen_005_individual_007_20250831_235522_params
[2025-08-31 23:55:22] [RENDER] RENDER_COMPLETE:target_demo_gen_005_individual_007:/Users/anthonybecker/Desktop/tmsmsm/autodaw/reaper/reascripts/lib/../../renders/target_demo_gen_005_target_demo_gen_005_individual_007_20250831_235522_params
[2025-08-31 23:55:22] [INFO] Render completed: target_demo_gen_005_individual_007
[2025-08-31 23:55:22] [INFO] === Executing Render Config: target_demo_gen_005_individual_008 ===
[2025-08-31 23:55:22] [RENDER] RENDER_START:target_demo_gen_005_individual_008
[2025-08-31 23:55:22] [INFO] Clearing project...
[2025-08-31 23:55:22] [INFO] Project cleared.
[2025-08-31 23:55:23] [INFO] Applied 2 of 2 parameters
[2025-08-31 23:55:23] [INFO] Starting project render for: target_demo_gen_005_individual_008
[2025-08-31 23:55:23] [INFO] Executing render command...
[2025-08-31 23:55:23] [INFO] Render completed to: /Users/anthonybecker/Desktop/tmsmsm/autodaw/reaper/reascripts/lib/../../renders/target_demo_gen_005_target_demo_gen_005_individual_008_20250831_235523_params
[2025-08-31 23:55:23] [RENDER] RENDER_COMPLETE:target_demo_gen_005_individual_008:/Users/anthonybecker/Desktop/tmsmsm/autodaw/reaper/reascripts/lib/../../renders/target_demo_gen_005_target_demo_gen_005_individual_008_20250831_235523_params
[2025-08-31 23:55:23] [INFO] Render completed: target_demo_gen_005_individual_008
[2025-08-31 23:55:23] [INFO] === Executing Render Config: target_demo_gen_005_individual_009 ===
[2025-08-31 23:55:23] [RENDER] RENDER_START:target_demo_gen_005_individual_009
[2025-08-31 23:55:23] [INFO] Clearing project...
[2025-08-31 23:55:23] [INFO] Project cleared.
[2025-08-31 23:55:24] [INFO] Applied 2 of 2 parameters
[2025-08-31 23:55:24] [INFO] Starting project render for: target_demo_gen_005_individual_009
[2025-08-31 23:55:24] [INFO] Executing render command...
[2025-08-31 23:55:24] [INFO] Render completed to: /Users/anthonybecker/Desktop/tmsmsm/autodaw/reaper/reascripts/lib/../../renders/target_demo_gen_005_target_demo_gen_005_individual_009_20250831_235524_params
[2025-08-31 23:55:24] [RENDER] RENDER_COMPLETE:target_demo_gen_005_individual_009:/Users/anthonybecker/Desktop/tmsmsm/autodaw/reaper/reascripts/lib/../../renders/target_demo_gen_005_target_demo_gen_005_individual_009_20250831_235524_params
[2025-08-31 23:55:24] [INFO] Render completed: target_demo_gen_005_individual_009
[2025-08-31 23:55:24] [INFO] === Session Complete: target_demo_gen_005 ===
[2025-08-31 23:55:24] [INFO] ReaScript Main Ended
[2025-08-31 23:55:24] [SESSION] SESSION_COMPLETE:target_demo_gen_005
[2025-08-31 23:55:24] [LOGGER] Closing log file
