[2025-09-01 00:07:45] [LOGGER_INIT] Logging initialized to: /Users/anthonybecker/Desktop/tmsmsm/autodaw/reaper/reascripts/lib/../../session-results/target_demo_gen_003_20250901_000745.log
[2025-09-01 00:07:45] [SESSION] SESSION_START:target_demo_gen_003
[2025-09-01 00:07:45] [INFO] ReaScript Main Started
[2025-09-01 00:07:45] [INFO] Log file: /Users/anthonybecker/Desktop/tmsmsm/autodaw/reaper/reascripts/lib/../../session-results/target_demo_gen_003_20250901_000745.log
[2025-09-01 00:07:45] [INFO] Loading session: target_demo_gen_003.json
[2025-09-01 00:07:45] [INFO] === Starting Session: target_demo_gen_003 ===
[2025-09-01 00:07:45] [INFO] Render configs to execute: 10
[2025-09-01 00:07:45] [INFO] === Executing Render Config: target_demo_gen_003_individual_000 ===
[2025-09-01 00:07:45] [RENDER] RENDER_START:target_demo_gen_003_individual_000
[2025-09-01 00:07:45] [INFO] Clearing project...
[2025-09-01 00:07:45] [INFO] Project cleared.
[2025-09-01 00:07:45] [INFO] Applied 2 of 2 parameters
[2025-09-01 00:07:45] [INFO] Starting project render for: target_demo_gen_003_individual_000
[2025-09-01 00:07:45] [INFO] Executing render command...
[2025-09-01 00:07:46] [INFO] Render completed to: /Users/anthonybecker/Desktop/tmsmsm/autodaw/reaper/reascripts/lib/../../renders/target_demo_gen_003_target_demo_gen_003_individual_000_20250901_000745_params
[2025-09-01 00:07:46] [RENDER] RENDER_COMPLETE:target_demo_gen_003_individual_000:/Users/anthonybecker/Desktop/tmsmsm/autodaw/reaper/reascripts/lib/../../renders/target_demo_gen_003_target_demo_gen_003_individual_000_20250901_000745_params
[2025-09-01 00:07:46] [INFO] Render completed: target_demo_gen_003_individual_000
[2025-09-01 00:07:46] [INFO] === Executing Render Config: target_demo_gen_003_individual_001 ===
[2025-09-01 00:07:46] [RENDER] RENDER_START:target_demo_gen_003_individual_001
[2025-09-01 00:07:46] [INFO] Clearing project...
[2025-09-01 00:07:46] [INFO] Project cleared.
[2025-09-01 00:07:46] [INFO] Applied 2 of 2 parameters
[2025-09-01 00:07:46] [INFO] Starting project render for: target_demo_gen_003_individual_001
[2025-09-01 00:07:46] [INFO] Executing render command...
[2025-09-01 00:07:47] [INFO] Render completed to: /Users/anthonybecker/Desktop/tmsmsm/autodaw/reaper/reascripts/lib/../../renders/target_demo_gen_003_target_demo_gen_003_individual_001_20250901_000746_params
[2025-09-01 00:07:47] [RENDER] RENDER_COMPLETE:target_demo_gen_003_individual_001:/Users/anthonybecker/Desktop/tmsmsm/autodaw/reaper/reascripts/lib/../../renders/target_demo_gen_003_target_demo_gen_003_individual_001_20250901_000746_params
[2025-09-01 00:07:47] [INFO] Render completed: target_demo_gen_003_individual_001
[2025-09-01 00:07:47] [INFO] === Executing Render Config: target_demo_gen_003_individual_002 ===
[2025-09-01 00:07:47] [RENDER] RENDER_START:target_demo_gen_003_individual_002
[2025-09-01 00:07:47] [INFO] Clearing project...
[2025-09-01 00:07:47] [INFO] Project cleared.
[2025-09-01 00:07:47] [INFO] Applied 2 of 2 parameters
[2025-09-01 00:07:47] [INFO] Starting project render for: target_demo_gen_003_individual_002
[2025-09-01 00:07:47] [INFO] Executing render command...
[2025-09-01 00:07:48] [INFO] Render completed to: /Users/anthonybecker/Desktop/tmsmsm/autodaw/reaper/reascripts/lib/../../renders/target_demo_gen_003_target_demo_gen_003_individual_002_20250901_000747_params
[2025-09-01 00:07:48] [RENDER] RENDER_COMPLETE:target_demo_gen_003_individual_002:/Users/anthonybecker/Desktop/tmsmsm/autodaw/reaper/reascripts/lib/../../renders/target_demo_gen_003_target_demo_gen_003_individual_002_20250901_000747_params
[2025-09-01 00:07:48] [INFO] Render completed: target_demo_gen_003_individual_002
[2025-09-01 00:07:48] [INFO] === Executing Render Config: target_demo_gen_003_individual_003 ===
[2025-09-01 00:07:48] [RENDER] RENDER_START:target_demo_gen_003_individual_003
[2025-09-01 00:07:48] [INFO] Clearing project...
[2025-09-01 00:07:48] [INFO] Project cleared.
[2025-09-01 00:07:48] [INFO] Applied 2 of 2 parameters
[2025-09-01 00:07:48] [INFO] Starting project render for: target_demo_gen_003_individual_003
[2025-09-01 00:07:48] [INFO] Executing render command...
[2025-09-01 00:07:49] [INFO] Render completed to: /Users/anthonybecker/Desktop/tmsmsm/autodaw/reaper/reascripts/lib/../../renders/target_demo_gen_003_target_demo_gen_003_individual_003_20250901_000748_params
[2025-09-01 00:07:49] [RENDER] RENDER_COMPLETE:target_demo_gen_003_individual_003:/Users/anthonybecker/Desktop/tmsmsm/autodaw/reaper/reascripts/lib/../../renders/target_demo_gen_003_target_demo_gen_003_individual_003_20250901_000748_params
[2025-09-01 00:07:49] [INFO] Render completed: target_demo_gen_003_individual_003
[2025-09-01 00:07:49] [INFO] === Executing Render Config: target_demo_gen_003_individual_004 ===
[2025-09-01 00:07:49] [RENDER] RENDER_START:target_demo_gen_003_individual_004
[2025-09-01 00:07:49] [INFO] Clearing project...
[2025-09-01 00:07:49] [INFO] Project cleared.
[2025-09-01 00:07:49] [INFO] Applied 2 of 2 parameters
[2025-09-01 00:07:49] [INFO] Starting project render for: target_demo_gen_003_individual_004
[2025-09-01 00:07:49] [INFO] Executing render command...
[2025-09-01 00:07:50] [INFO] Render completed to: /Users/anthonybecker/Desktop/tmsmsm/autodaw/reaper/reascripts/lib/../../renders/target_demo_gen_003_target_demo_gen_003_individual_004_20250901_000749_params
[2025-09-01 00:07:50] [RENDER] RENDER_COMPLETE:target_demo_gen_003_individual_004:/Users/anthonybecker/Desktop/tmsmsm/autodaw/reaper/reascripts/lib/../../renders/target_demo_gen_003_target_demo_gen_003_individual_004_20250901_000749_params
[2025-09-01 00:07:50] [INFO] Render completed: target_demo_gen_003_individual_004
[2025-09-01 00:07:50] [INFO] === Executing Render Config: target_demo_gen_003_individual_005 ===
[2025-09-01 00:07:50] [RENDER] RENDER_START:target_demo_gen_003_individual_005
[2025-09-01 00:07:50] [INFO] Clearing project...
[2025-09-01 00:07:50] [INFO] Project cleared.
[2025-09-01 00:07:50] [INFO] Applied 2 of 2 parameters
[2025-09-01 00:07:50] [INFO] Starting project render for: target_demo_gen_003_individual_005
[2025-09-01 00:07:50] [INFO] Executing render command...
[2025-09-01 00:07:50] [INFO] Render completed to: /Users/anthonybecker/Desktop/tmsmsm/autodaw/reaper/reascripts/lib/../../renders/target_demo_gen_003_target_demo_gen_003_individual_005_20250901_000750_params
[2025-09-01 00:07:50] [RENDER] RENDER_COMPLETE:target_demo_gen_003_individual_005:/Users/anthonybecker/Desktop/tmsmsm/autodaw/reaper/reascripts/lib/../../renders/target_demo_gen_003_target_demo_gen_003_individual_005_20250901_000750_params
[2025-09-01 00:07:51] [INFO] Render completed: target_demo_gen_003_individual_005
[2025-09-01 00:07:51] [INFO] === Executing Render Config: target_demo_gen_003_individual_006 ===
[2025-09-01 00:07:51] [RENDER] RENDER_START:target_demo_gen_003_individual_006
[2025-09-01 00:07:51] [INFO] Clearing project...
[2025-09-01 00:07:51] [INFO] Project cleared.
[2025-09-01 00:07:51] [INFO] Applied 2 of 2 parameters
[2025-09-01 00:07:51] [INFO] Starting project render for: target_demo_gen_003_individual_006
[2025-09-01 00:07:51] [INFO] Executing render command...
[2025-09-01 00:07:51] [INFO] Render completed to: /Users/anthonybecker/Desktop/tmsmsm/autodaw/reaper/reascripts/lib/../../renders/target_demo_gen_003_target_demo_gen_003_individual_006_20250901_000751_params
[2025-09-01 00:07:51] [RENDER] RENDER_COMPLETE:target_demo_gen_003_individual_006:/Users/anthonybecker/Desktop/tmsmsm/autodaw/reaper/reascripts/lib/../../renders/target_demo_gen_003_target_demo_gen_003_individual_006_20250901_000751_params
[2025-09-01 00:07:51] [INFO] Render completed: target_demo_gen_003_individual_006
[2025-09-01 00:07:51] [INFO] === Executing Render Config: target_demo_gen_003_individual_007 ===
[2025-09-01 00:07:51] [RENDER] RENDER_START:target_demo_gen_003_individual_007
[2025-09-01 00:07:51] [INFO] Clearing project...
[2025-09-01 00:07:51] [INFO] Project cleared.
[2025-09-01 00:07:52] [INFO] Applied 2 of 2 parameters
[2025-09-01 00:07:52] [INFO] Starting project render for: target_demo_gen_003_individual_007
[2025-09-01 00:07:52] [INFO] Executing render command...
[2025-09-01 00:07:52] [INFO] Render completed to: /Users/anthonybecker/Desktop/tmsmsm/autodaw/reaper/reascripts/lib/../../renders/target_demo_gen_003_target_demo_gen_003_individual_007_20250901_000752_params
[2025-09-01 00:07:52] [RENDER] RENDER_COMPLETE:target_demo_gen_003_individual_007:/Users/anthonybecker/Desktop/tmsmsm/autodaw/reaper/reascripts/lib/../../renders/target_demo_gen_003_target_demo_gen_003_individual_007_20250901_000752_params
[2025-09-01 00:07:52] [INFO] Render completed: target_demo_gen_003_individual_007
[2025-09-01 00:07:52] [INFO] === Executing Render Config: target_demo_gen_003_individual_008 ===
[2025-09-01 00:07:52] [RENDER] RENDER_START:target_demo_gen_003_individual_008
[2025-09-01 00:07:52] [INFO] Clearing project...
[2025-09-01 00:07:52] [INFO] Project cleared.
[2025-09-01 00:07:53] [INFO] Applied 2 of 2 parameters
[2025-09-01 00:07:53] [INFO] Starting project render for: target_demo_gen_003_individual_008
[2025-09-01 00:07:53] [INFO] Executing render command...
[2025-09-01 00:07:53] [INFO] Render completed to: /Users/anthonybecker/Desktop/tmsmsm/autodaw/reaper/reascripts/lib/../../renders/target_demo_gen_003_target_demo_gen_003_individual_008_20250901_000753_params
[2025-09-01 00:07:53] [RENDER] RENDER_COMPLETE:target_demo_gen_003_individual_008:/Users/anthonybecker/Desktop/tmsmsm/autodaw/reaper/reascripts/lib/../../renders/target_demo_gen_003_target_demo_gen_003_individual_008_20250901_000753_params
[2025-09-01 00:07:53] [INFO] Render completed: target_demo_gen_003_individual_008
[2025-09-01 00:07:53] [INFO] === Executing Render Config: target_demo_gen_003_individual_009 ===
[2025-09-01 00:07:53] [RENDER] RENDER_START:target_demo_gen_003_individual_009
[2025-09-01 00:07:53] [INFO] Clearing project...
[2025-09-01 00:07:53] [INFO] Project cleared.
[2025-09-01 00:07:54] [INFO] Applied 2 of 2 parameters
[2025-09-01 00:07:54] [INFO] Starting project render for: target_demo_gen_003_individual_009
[2025-09-01 00:07:54] [INFO] Executing render command...
[2025-09-01 00:07:54] [INFO] Render completed to: /Users/anthonybecker/Desktop/tmsmsm/autodaw/reaper/reascripts/lib/../../renders/target_demo_gen_003_target_demo_gen_003_individual_009_20250901_000754_params
[2025-09-01 00:07:54] [RENDER] RENDER_COMPLETE:target_demo_gen_003_individual_009:/Users/anthonybecker/Desktop/tmsmsm/autodaw/reaper/reascripts/lib/../../renders/target_demo_gen_003_target_demo_gen_003_individual_009_20250901_000754_params
[2025-09-01 00:07:54] [INFO] Render completed: target_demo_gen_003_individual_009
[2025-09-01 00:07:54] [INFO] === Session Complete: target_demo_gen_003 ===
[2025-09-01 00:07:54] [INFO] ReaScript Main Ended
[2025-09-01 00:07:54] [SESSION] SESSION_COMPLETE:target_demo_gen_003
[2025-09-01 00:07:54] [LOGGER] Closing log file
