2025-08-30 13:31:14.490 - config - DEBUG - setup_global_logging:520 - Log directory: logs
2025-08-30 13:31:14.490 - __main__ - DEBUG - get_logger:534 - Logger '__main__' requested
2025-08-30 13:31:14.490 - __main__ - DEBUG - main:208 - Command line arguments: ['main.py', 'session', 'test_random_session']
2025-08-30 13:31:14.490 - __main__ - DEBUG - main:212 - Initializing system configuration
2025-08-30 13:31:14.490 - __main__ - DEBUG - main:214 - System config created: reaper_path=/Applications/REAPER.app/Contents/MacOS/REAPER
2025-08-30 13:31:14.491 - __main__ - DEBUG - main:224 - Creating MultiParameterWorkflowOrchestrator
2025-08-30 13:31:14.491 - workflow_orchestrator - DEBUG - __init__:37 - System config: reaper_path=/Applications/REAPER.app/Contents/MacOS/REAPER
2025-08-30 13:31:14.491 - workflow_orchestrator - DEBUG - __init__:39 - Creating ReaperProcessManager
2025-08-30 13:31:14.491 - reaper_process - DEBUG - __init__:23 - REAPER path exists: True
2025-08-30 13:31:14.491 - workflow_orchestrator - DEBUG - __init__:42 - Creating SessionManager
2025-08-30 13:31:14.491 - session_manager - DEBUG - __init__:46 - Base output directory exists: True
2025-08-30 13:31:14.491 - workflow_orchestrator - DEBUG - __init__:45 - Creating LuaScriptInterface with beacon_file=reaper_automation_beacon.txt
2025-08-30 13:31:14.491 - lua_interface - DEBUG - __init__:87 - Beacon file exists: False
2025-08-30 13:31:14.491 - workflow_orchestrator - DEBUG - __init__:48 - Creating ParameterSweepEngine
2025-08-30 13:31:14.492 - parameter_sweep - DEBUG - __init__:79 - Initializing ParameterSweepEngine
2025-08-30 13:31:14.492 - __main__ - DEBUG - run_session_workflow:29 - Orchestrator type: MultiParameterWorkflowOrchestrator
2025-08-30 13:31:14.492 - __main__ - DEBUG - run_session_workflow:35 - Initializing ConfigManager
2025-08-30 13:31:14.492 - __main__ - DEBUG - run_session_workflow:38 - Loading session config for: test_random_session
2025-08-30 13:31:14.493 - __main__ - DEBUG - run_session_workflow:59 - Project file verification passed
2025-08-30 13:31:14.494 - __main__ - DEBUG - run_session_workflow:88 - Processing 5 renders
2025-08-30 13:31:14.494 - __main__ - DEBUG - run_session_workflow:101 - Render render_001 parameters: {'osc_a_octave': 0.557707193831535, 'filter_cutoff': 0.1, 'filter_resonance': 0.8, 'amp_attack': 2.0, 'amp_release': 0.1}
2025-08-30 13:31:14.494 - session_b6657d58 - DEBUG - run_session_workflow:102 - Parameters for render_001: {'osc_a_octave': 0.557707193831535, 'filter_cutoff': 0.1, 'filter_resonance': 0.8, 'amp_attack': 2.0, 'amp_release': 0.1}
2025-08-30 13:31:14.494 - __main__ - DEBUG - run_session_workflow:106 - Creating automation config for render render_001
2025-08-30 13:31:14.494 - __main__ - DEBUG - run_session_workflow:118 - Saving automation config to automation_config.txt
2025-08-30 13:31:14.494 - session_b6657d58 - DEBUG - run_session_workflow:120 - Automation config saved for render_001
2025-08-30 13:31:14.494 - __main__ - DEBUG - run_session_workflow:123 - Appending render-specific config for render_001
2025-08-30 13:31:14.494 - __main__ - DEBUG - run_session_workflow:127 - Processing MIDI config for render render_001
2025-08-30 13:31:14.494 - __main__ - DEBUG - run_session_workflow:136 - Writing MIDI config to outputs/session_b6657d58/logs/midi_config_render_001.json
2025-08-30 13:31:14.495 - session_b6657d58 - DEBUG - run_session_workflow:137 - MIDI files for render_001: ['midi/test_random_session/test_random_session_melody_C_major.mid', 'midi/test_random_session/test_random_session_chords_Am_minor.mid']
2025-08-30 13:31:14.495 - workflow_orchestrator - DEBUG - run_single_parameter_session:62 - Parameters: {'osc_a_octave': 0.557707193831535, 'filter_cutoff': 0.1, 'filter_resonance': 0.8, 'amp_attack': 2.0, 'amp_release': 0.1}
2025-08-30 13:31:14.495 - workflow_orchestrator - DEBUG - run_single_parameter_session:63 - Project file: data/serum/serum1.RPP
2025-08-30 13:31:14.495 - workflow_orchestrator - DEBUG - run_single_parameter_session:71 - Creating session directory for b6657d58_render_001
2025-08-30 13:31:14.495 - session_manager - DEBUG - create_session_directory:50 - Creating session directory for session_id: b6657d58_render_001
2025-08-30 13:31:14.495 - session_manager - DEBUG - create_session_directory:56 - Session directory permissions: 755
2025-08-30 13:31:14.495 - workflow_orchestrator - DEBUG - run_single_parameter_session:79 - Creating automation config: primary_param=osc_a_octave, primary_value=0.557707193831535
2025-08-30 13:31:14.495 - workflow_orchestrator - DEBUG - run_single_parameter_session:87 - Automation config created
2025-08-30 13:31:14.495 - workflow_orchestrator - DEBUG - run_single_parameter_session:95 - Saving session metadata: 3 keys
2025-08-30 13:31:14.495 - session_manager - DEBUG - save_session_metadata:85 - Saving session metadata for b6657d58_render_001
2025-08-30 13:31:14.495 - session_manager - DEBUG - get_session_directory:66 - Getting session directory for b6657d58_render_001: outputs/session_b6657d58_render_001
2025-08-30 13:31:14.495 - session_manager - DEBUG - save_session_metadata:93 - Metadata keys: ['parameters', 'project_file', 'workflow_mode', 'created_at', 'session_id']
2025-08-30 13:31:14.496 - workflow_orchestrator - DEBUG - run_single_parameter_session:97 - Session metadata saved
2025-08-30 13:31:14.496 - workflow_orchestrator - DEBUG - run_single_parameter_session:100 - Creating config file for Lua scripts
2025-08-30 13:31:14.496 - lua_interface - DEBUG - create_config_for_script:162 - Creating config file for Lua scripts: automation_config.txt
2025-08-30 13:31:14.496 - lua_interface - DEBUG - create_config_for_script:166 - Merging script data with 5 keys
2025-08-30 13:31:14.496 - lua_interface - DEBUG - create_config_for_script:173 - Writing config with 10 keys: ['workflow_mode', 'target_parameter', 'parameter_value', 'session_id', 'output_dir', 'osc_a_octave', 'filter_cutoff', 'filter_resonance', 'amp_attack', 'amp_release']
2025-08-30 13:31:14.496 - workflow_orchestrator - DEBUG - run_single_parameter_session:102 - Lua script config created
2025-08-30 13:31:14.496 - reaper_process - DEBUG - start_reaper:27 - Attempting to start REAPER with project: data/serum/serum1.RPP
2025-08-30 13:31:14.496 - reaper_process - DEBUG - start_reaper:40 - Command with project file: ['/Applications/REAPER.app/Contents/MacOS/REAPER', 'data/serum/serum1.RPP']
2025-08-30 13:31:14.496 - reaper_process - DEBUG - start_reaper:45 - Executing subprocess.Popen with command: ['/Applications/REAPER.app/Contents/MacOS/REAPER', 'data/serum/serum1.RPP']
2025-08-30 13:31:14.512 - reaper_process - DEBUG - start_reaper:52 - REAPER process started with PID: 76611
2025-08-30 13:31:14.512 - reaper_process - DEBUG - start_reaper:55 - Waiting 3 seconds for REAPER to initialize
2025-08-30 13:31:17.513 - reaper_process - DEBUG - start_reaper:61 - Process poll result after startup: None
